Analysis & Synthesis report for miniProjeto
Tue Apr 16 11:43:04 2024
Quartus Prime Version 22.1std.2 Build 922 07/20/2023 SC Lite Edition


---------------------
; Table of Contents ;
---------------------
  1. Legal Notice
  2. Analysis & Synthesis Summary
  3. Analysis & Synthesis Settings
  4. Parallel Compilation
  5. Analysis & Synthesis Source Files Read
  6. Analysis & Synthesis Resource Usage Summary
  7. Analysis & Synthesis Resource Utilization by Entity
  8. Registers Removed During Synthesis
  9. General Register Statistics
 10. Multiplexer Restructuring Statistics (Restructuring Performed)
 11. Parameter Settings for User Entity Instance: PulseGenerator:pulse_4seg
 12. Parameter Settings for User Entity Instance: BlinkGenerator:blinkForLeds_2hz
 13. Parameter Settings for User Entity Instance: BlinkGenerator:blinkForLeds_1hz
 14. Parameter Settings for User Entity Instance: PulseGenerator:pulse_1hz
 15. Parameter Settings for User Entity Instance: PulseGenerator:pulse_2hz
 16. Port Connectivity Checks: "Mux4_1_8Bits:options_mux"
 17. Port Connectivity Checks: "PulseGenerator:pulse_2hz"
 18. Port Connectivity Checks: "PulseGenerator:pulse_1hz"
 19. Port Connectivity Checks: "BlinkGenerator:blinkForLeds_1hz"
 20. Port Connectivity Checks: "BlinkGenerator:blinkForLeds_2hz"
 21. Port Connectivity Checks: "program7Seg:sevenSegProgransHEX0"
 22. Port Connectivity Checks: "PulseGenerator:pulse_4seg"
 23. Post-Synthesis Netlist Statistics for Top Partition
 24. Elapsed Time Per Partition
 25. Analysis & Synthesis Messages



----------------
; Legal Notice ;
----------------
Copyright (C) 2023  Intel Corporation. All rights reserved.
Your use of Intel Corporation's design tools, logic functions 
and other software and tools, and any partner logic 
functions, and any output files from any of the foregoing 
(including device programming or simulation files), and any 
associated documentation or information are expressly subject 
to the terms and conditions of the Intel Program License 
Subscription Agreement, the Intel Quartus Prime License Agreement,
the Intel FPGA IP License Agreement, or other applicable license
agreement, including, without limitation, that your use is for
the sole purpose of programming logic devices manufactured by
Intel and sold by Intel or its authorized distributors.  Please
refer to the applicable agreement for further details, at
https://fpgasoftware.intel.com/eula.



+-------------------------------------------------------------------------------------+
; Analysis & Synthesis Summary                                                        ;
+------------------------------------+------------------------------------------------+
; Analysis & Synthesis Status        ; Successful - Tue Apr 16 11:43:04 2024          ;
; Quartus Prime Version              ; 22.1std.2 Build 922 07/20/2023 SC Lite Edition ;
; Revision Name                      ; miniProjeto                                    ;
; Top-level Entity Name              ; miniProjeto                                    ;
; Family                             ; Cyclone IV E                                   ;
; Total logic elements               ; 345                                            ;
;     Total combinational functions  ; 343                                            ;
;     Dedicated logic registers      ; 187                                            ;
; Total registers                    ; 187                                            ;
; Total pins                         ; 33                                             ;
; Total virtual pins                 ; 0                                              ;
; Total memory bits                  ; 0                                              ;
; Embedded Multiplier 9-bit elements ; 0                                              ;
; Total PLLs                         ; 0                                              ;
+------------------------------------+------------------------------------------------+


+------------------------------------------------------------------------------------------------------------+
; Analysis & Synthesis Settings                                                                              ;
+------------------------------------------------------------------+--------------------+--------------------+
; Option                                                           ; Setting            ; Default Value      ;
+------------------------------------------------------------------+--------------------+--------------------+
; Device                                                           ; EP4CE115F29C7      ;                    ;
; Top-level entity name                                            ; miniProjeto        ; miniProjeto        ;
; Family name                                                      ; Cyclone IV E       ; Cyclone V          ;
; Use smart compilation                                            ; Off                ; Off                ;
; Enable parallel Assembler and Timing Analyzer during compilation ; On                 ; On                 ;
; Enable compact report table                                      ; Off                ; Off                ;
; Restructure Multiplexers                                         ; Auto               ; Auto               ;
; Create Debugging Nodes for IP Cores                              ; Off                ; Off                ;
; Preserve fewer node names                                        ; On                 ; On                 ;
; Intel FPGA IP Evaluation Mode                                    ; Enable             ; Enable             ;
; Verilog Version                                                  ; Verilog_2001       ; Verilog_2001       ;
; VHDL Version                                                     ; VHDL_1993          ; VHDL_1993          ;
; State Machine Processing                                         ; Auto               ; Auto               ;
; Safe State Machine                                               ; Off                ; Off                ;
; Extract Verilog State Machines                                   ; On                 ; On                 ;
; Extract VHDL State Machines                                      ; On                 ; On                 ;
; Ignore Verilog initial constructs                                ; Off                ; Off                ;
; Iteration limit for constant Verilog loops                       ; 5000               ; 5000               ;
; Iteration limit for non-constant Verilog loops                   ; 250                ; 250                ;
; Add Pass-Through Logic to Inferred RAMs                          ; On                 ; On                 ;
; Infer RAMs from Raw Logic                                        ; On                 ; On                 ;
; Parallel Synthesis                                               ; On                 ; On                 ;
; DSP Block Balancing                                              ; Auto               ; Auto               ;
; NOT Gate Push-Back                                               ; On                 ; On                 ;
; Power-Up Don't Care                                              ; On                 ; On                 ;
; Remove Redundant Logic Cells                                     ; Off                ; Off                ;
; Remove Duplicate Registers                                       ; On                 ; On                 ;
; Ignore CARRY Buffers                                             ; Off                ; Off                ;
; Ignore CASCADE Buffers                                           ; Off                ; Off                ;
; Ignore GLOBAL Buffers                                            ; Off                ; Off                ;
; Ignore ROW GLOBAL Buffers                                        ; Off                ; Off                ;
; Ignore LCELL Buffers                                             ; Off                ; Off                ;
; Ignore SOFT Buffers                                              ; On                 ; On                 ;
; Limit AHDL Integers to 32 Bits                                   ; Off                ; Off                ;
; Optimization Technique                                           ; Balanced           ; Balanced           ;
; Carry Chain Length                                               ; 70                 ; 70                 ;
; Auto Carry Chains                                                ; On                 ; On                 ;
; Auto Open-Drain Pins                                             ; On                 ; On                 ;
; Perform WYSIWYG Primitive Resynthesis                            ; Off                ; Off                ;
; Auto ROM Replacement                                             ; On                 ; On                 ;
; Auto RAM Replacement                                             ; On                 ; On                 ;
; Auto DSP Block Replacement                                       ; On                 ; On                 ;
; Auto Shift Register Replacement                                  ; Auto               ; Auto               ;
; Allow Shift Register Merging across Hierarchies                  ; Auto               ; Auto               ;
; Auto Clock Enable Replacement                                    ; On                 ; On                 ;
; Strict RAM Replacement                                           ; Off                ; Off                ;
; Allow Synchronous Control Signals                                ; On                 ; On                 ;
; Force Use of Synchronous Clear Signals                           ; Off                ; Off                ;
; Auto RAM Block Balancing                                         ; On                 ; On                 ;
; Auto RAM to Logic Cell Conversion                                ; Off                ; Off                ;
; Auto Resource Sharing                                            ; Off                ; Off                ;
; Allow Any RAM Size For Recognition                               ; Off                ; Off                ;
; Allow Any ROM Size For Recognition                               ; Off                ; Off                ;
; Allow Any Shift Register Size For Recognition                    ; Off                ; Off                ;
; Use LogicLock Constraints during Resource Balancing              ; On                 ; On                 ;
; Ignore translate_off and synthesis_off directives                ; Off                ; Off                ;
; Timing-Driven Synthesis                                          ; On                 ; On                 ;
; Report Parameter Settings                                        ; On                 ; On                 ;
; Report Source Assignments                                        ; On                 ; On                 ;
; Report Connectivity Checks                                       ; On                 ; On                 ;
; Ignore Maximum Fan-Out Assignments                               ; Off                ; Off                ;
; Synchronization Register Chain Length                            ; 2                  ; 2                  ;
; Power Optimization During Synthesis                              ; Normal compilation ; Normal compilation ;
; HDL message level                                                ; Level2             ; Level2             ;
; Suppress Register Optimization Related Messages                  ; Off                ; Off                ;
; Number of Removed Registers Reported in Synthesis Report         ; 5000               ; 5000               ;
; Number of Swept Nodes Reported in Synthesis Report               ; 5000               ; 5000               ;
; Number of Inverted Registers Reported in Synthesis Report        ; 100                ; 100                ;
; Clock MUX Protection                                             ; On                 ; On                 ;
; Auto Gated Clock Conversion                                      ; Off                ; Off                ;
; Block Design Naming                                              ; Auto               ; Auto               ;
; SDC constraint protection                                        ; Off                ; Off                ;
; Synthesis Effort                                                 ; Auto               ; Auto               ;
; Shift Register Replacement - Allow Asynchronous Clear Signal     ; On                 ; On                 ;
; Pre-Mapping Resynthesis Optimization                             ; Off                ; Off                ;
; Analysis & Synthesis Message Level                               ; Medium             ; Medium             ;
; Disable Register Merging Across Hierarchies                      ; Auto               ; Auto               ;
; Resource Aware Inference For Block RAM                           ; On                 ; On                 ;
+------------------------------------------------------------------+--------------------+--------------------+


+------------------------------------------+
; Parallel Compilation                     ;
+----------------------------+-------------+
; Processors                 ; Number      ;
+----------------------------+-------------+
; Number detected on machine ; 4           ;
; Maximum allowed            ; 2           ;
;                            ;             ;
; Average used               ; 1.00        ;
; Maximum used               ; 2           ;
;                            ;             ;
; Usage by Processor         ; % Time Used ;
;     Processor 1            ; 100.0%      ;
;     Processor 2            ;   0.0%      ;
+----------------------------+-------------+


+---------------------------------------------------------------------------------------------------------------------------------------------------+
; Analysis & Synthesis Source Files Read                                                                                                            ;
+----------------------------------+-----------------+-----------------+------------------------------------------------------------------+---------+
; File Name with User-Entered Path ; Used in Netlist ; File Type       ; File Name with Absolute Path                                     ; Library ;
+----------------------------------+-----------------+-----------------+------------------------------------------------------------------+---------+
; CounterUp15.vhd                  ; yes             ; User VHDL File  ; /home/rhyan/Documents/ua/1.2/LSD/miniProjeto1/CounterUp15.vhd    ;         ;
; Bin7SegDecoder.vhd               ; yes             ; User VHDL File  ; /home/rhyan/Documents/ua/1.2/LSD/miniProjeto1/Bin7SegDecoder.vhd ;         ;
; program7Seg.vhd                  ; yes             ; User VHDL File  ; /home/rhyan/Documents/ua/1.2/LSD/miniProjeto1/program7Seg.vhd    ;         ;
; PulseGenerator.vhd               ; yes             ; User VHDL File  ; /home/rhyan/Documents/ua/1.2/LSD/miniProjeto1/PulseGenerator.vhd ;         ;
; BlinkGenerator.vhd               ; yes             ; User VHDL File  ; /home/rhyan/Documents/ua/1.2/LSD/miniProjeto1/BlinkGenerator.vhd ;         ;
; Mux4_1_8Bits.vhd                 ; yes             ; User VHDL File  ; /home/rhyan/Documents/ua/1.2/LSD/miniProjeto1/Mux4_1_8Bits.vhd   ;         ;
; miniProjeto.vhd                  ; yes             ; User VHDL File  ; /home/rhyan/Documents/ua/1.2/LSD/miniProjeto1/miniProjeto.vhd    ;         ;
+----------------------------------+-----------------+-----------------+------------------------------------------------------------------+---------+


+--------------------------------------------------------------+
; Analysis & Synthesis Resource Usage Summary                  ;
+---------------------------------------------+----------------+
; Resource                                    ; Usage          ;
+---------------------------------------------+----------------+
; Estimated Total logic elements              ; 345            ;
;                                             ;                ;
; Total combinational functions               ; 343            ;
; Logic element usage by number of LUT inputs ;                ;
;     -- 4 input functions                    ; 95             ;
;     -- 3 input functions                    ; 15             ;
;     -- <=2 input functions                  ; 233            ;
;                                             ;                ;
; Logic elements by mode                      ;                ;
;     -- normal mode                          ; 158            ;
;     -- arithmetic mode                      ; 185            ;
;                                             ;                ;
; Total registers                             ; 187            ;
;     -- Dedicated logic registers            ; 187            ;
;     -- I/O registers                        ; 0              ;
;                                             ;                ;
; I/O pins                                    ; 33             ;
;                                             ;                ;
; Embedded Multiplier 9-bit elements          ; 0              ;
;                                             ;                ;
; Maximum fan-out node                        ; CLOCK_50~input ;
; Maximum fan-out                             ; 187            ;
; Total fan-out                               ; 1498           ;
; Average fan-out                             ; 2.51           ;
+---------------------------------------------+----------------+


+----------------------------------------------------------------------------------------------------------------------------------------------------------------------------------------------------------------------------------------------------+
; Analysis & Synthesis Resource Utilization by Entity                                                                                                                                                                                                ;
+----------------------------------------+---------------------+---------------------------+-------------+--------------+---------+-----------+------+--------------+------------------------------------------------+----------------+--------------+
; Compilation Hierarchy Node             ; Combinational ALUTs ; Dedicated Logic Registers ; Memory Bits ; DSP Elements ; DSP 9x9 ; DSP 18x18 ; Pins ; Virtual Pins ; Full Hierarchy Name                            ; Entity Name    ; Library Name ;
+----------------------------------------+---------------------+---------------------------+-------------+--------------+---------+-----------+------+--------------+------------------------------------------------+----------------+--------------+
; |miniProjeto                           ; 343 (1)             ; 187 (3)                   ; 0           ; 0            ; 0       ; 0         ; 33   ; 0            ; |miniProjeto                                   ; miniProjeto    ; work         ;
;    |Bin7SegDecoder:sevenSegCountGreen| ; 16 (16)             ; 0 (0)                     ; 0           ; 0            ; 0       ; 0         ; 0    ; 0            ; |miniProjeto|Bin7SegDecoder:sevenSegCountGreen ; Bin7SegDecoder ; work         ;
;    |Bin7SegDecoder:sevenSegCountRed|   ; 16 (16)             ; 0 (0)                     ; 0           ; 0            ; 0       ; 0         ; 0    ; 0            ; |miniProjeto|Bin7SegDecoder:sevenSegCountRed   ; Bin7SegDecoder ; work         ;
;    |BlinkGenerator:blinkForLeds_1hz|   ; 35 (35)             ; 26 (26)                   ; 0           ; 0            ; 0       ; 0         ; 0    ; 0            ; |miniProjeto|BlinkGenerator:blinkForLeds_1hz   ; BlinkGenerator ; work         ;
;    |BlinkGenerator:blinkForLeds_2hz|   ; 33 (33)             ; 25 (25)                   ; 0           ; 0            ; 0       ; 0         ; 0    ; 0            ; |miniProjeto|BlinkGenerator:blinkForLeds_2hz   ; BlinkGenerator ; work         ;
;    |CounterUp15:counter_greenBlink|    ; 43 (43)             ; 32 (32)                   ; 0           ; 0            ; 0       ; 0         ; 0    ; 0            ; |miniProjeto|CounterUp15:counter_greenBlink    ; CounterUp15    ; work         ;
;    |CounterUp15:counter_redBlink|      ; 43 (43)             ; 32 (32)                   ; 0           ; 0            ; 0       ; 0         ; 0    ; 0            ; |miniProjeto|CounterUp15:counter_redBlink      ; CounterUp15    ; work         ;
;    |Mux4_1_8Bits:options_mux|          ; 19 (19)             ; 0 (0)                     ; 0           ; 0            ; 0       ; 0         ; 0    ; 0            ; |miniProjeto|Mux4_1_8Bits:options_mux          ; Mux4_1_8Bits   ; work         ;
;    |PulseGenerator:pulse_1hz|          ; 44 (44)             ; 20 (20)                   ; 0           ; 0            ; 0       ; 0         ; 0    ; 0            ; |miniProjeto|PulseGenerator:pulse_1hz          ; PulseGenerator ; work         ;
;    |PulseGenerator:pulse_2hz|          ; 43 (43)             ; 20 (20)                   ; 0           ; 0            ; 0       ; 0         ; 0    ; 0            ; |miniProjeto|PulseGenerator:pulse_2hz          ; PulseGenerator ; work         ;
;    |PulseGenerator:pulse_4seg|         ; 49 (49)             ; 29 (29)                   ; 0           ; 0            ; 0       ; 0         ; 0    ; 0            ; |miniProjeto|PulseGenerator:pulse_4seg         ; PulseGenerator ; work         ;
;    |program7Seg:sevenSegProgransHEX0|  ; 1 (1)               ; 0 (0)                     ; 0           ; 0            ; 0       ; 0         ; 0    ; 0            ; |miniProjeto|program7Seg:sevenSegProgransHEX0  ; program7Seg    ; work         ;
+----------------------------------------+---------------------+---------------------------+-------------+--------------+---------+-----------+------+--------------+------------------------------------------------+----------------+--------------+
Note: For table entries with two numbers listed, the numbers in parentheses indicate the number of resources of the given type used by the specific entity alone. The numbers listed outside of parentheses indicate the total resources of the given type used by the specific entity and all of its sub-entities in the hierarchy.


+-----------------------------------------------------------------------------------------+
; Registers Removed During Synthesis                                                      ;
+----------------------------------------+------------------------------------------------+
; Register name                          ; Reason for Removal                             ;
+----------------------------------------+------------------------------------------------+
; PulseGenerator:pulse_1hz|s_cnt[0]      ; Merged with PulseGenerator:pulse_4seg|s_cnt[0] ;
; PulseGenerator:pulse_2hz|s_cnt[0]      ; Merged with PulseGenerator:pulse_4seg|s_cnt[0] ;
; PulseGenerator:pulse_1hz|s_cnt[1]      ; Merged with PulseGenerator:pulse_4seg|s_cnt[1] ;
; PulseGenerator:pulse_2hz|s_cnt[1]      ; Merged with PulseGenerator:pulse_4seg|s_cnt[1] ;
; PulseGenerator:pulse_2hz|s_cnt[2]      ; Merged with PulseGenerator:pulse_1hz|s_cnt[2]  ;
; PulseGenerator:pulse_1hz|s_cnt[2]      ; Merged with PulseGenerator:pulse_4seg|s_cnt[2] ;
; PulseGenerator:pulse_2hz|s_cnt[3]      ; Merged with PulseGenerator:pulse_1hz|s_cnt[3]  ;
; PulseGenerator:pulse_1hz|s_cnt[3]      ; Merged with PulseGenerator:pulse_4seg|s_cnt[3] ;
; PulseGenerator:pulse_2hz|s_cnt[4]      ; Merged with PulseGenerator:pulse_1hz|s_cnt[4]  ;
; PulseGenerator:pulse_1hz|s_cnt[4]      ; Merged with PulseGenerator:pulse_4seg|s_cnt[4] ;
; PulseGenerator:pulse_2hz|s_cnt[5]      ; Merged with PulseGenerator:pulse_1hz|s_cnt[5]  ;
; PulseGenerator:pulse_1hz|s_cnt[5]      ; Merged with PulseGenerator:pulse_4seg|s_cnt[5] ;
; PulseGenerator:pulse_1hz|s_cnt[6]      ; Merged with PulseGenerator:pulse_4seg|s_cnt[6] ;
; Total Number of Removed Registers = 13 ;                                                ;
+----------------------------------------+------------------------------------------------+


+------------------------------------------------------+
; General Register Statistics                          ;
+----------------------------------------------+-------+
; Statistic                                    ; Value ;
+----------------------------------------------+-------+
; Total registers                              ; 187   ;
; Number of registers using Synchronous Clear  ; 115   ;
; Number of registers using Synchronous Load   ; 0     ;
; Number of registers using Asynchronous Clear ; 0     ;
; Number of registers using Asynchronous Load  ; 0     ;
; Number of registers using Clock Enable       ; 64    ;
; Number of registers using Preset             ; 0     ;
+----------------------------------------------+-------+


+--------------------------------------------------------------------------------------------------------------------------------------------------------------------------+
; Multiplexer Restructuring Statistics (Restructuring Performed)                                                                                                           ;
+--------------------+-----------+---------------+----------------------+------------------------+------------+------------------------------------------------------------+
; Multiplexer Inputs ; Bus Width ; Baseline Area ; Area if Restructured ; Saving if Restructured ; Registered ; Example Multiplexer Output                                 ;
+--------------------+-----------+---------------+----------------------+------------------------+------------+------------------------------------------------------------+
; 4:1                ; 32 bits   ; 64 LEs        ; 32 LEs               ; 32 LEs                 ; Yes        ; |miniProjeto|CounterUp15:counter_greenBlink|s_count[6]     ;
; 4:1                ; 32 bits   ; 64 LEs        ; 32 LEs               ; 32 LEs                 ; Yes        ; |miniProjeto|CounterUp15:counter_redBlink|s_count[5]       ;
; 17:1               ; 2 bits    ; 22 LEs        ; 16 LEs               ; 6 LEs                  ; No         ; |miniProjeto|Bin7SegDecoder:sevenSegCountGreen|decOut_n[6] ;
; 17:1               ; 2 bits    ; 22 LEs        ; 16 LEs               ; 6 LEs                  ; No         ; |miniProjeto|Bin7SegDecoder:sevenSegCountRed|decOut_n[6]   ;
+--------------------+-----------+---------------+----------------------+------------------------+------------+------------------------------------------------------------+


+------------------------------------------------------------------------+
; Parameter Settings for User Entity Instance: PulseGenerator:pulse_4seg ;
+----------------+-----------+-------------------------------------------+
; Parameter Name ; Value     ; Type                                      ;
+----------------+-----------+-------------------------------------------+
; max            ; 200000000 ; Signed Integer                            ;
+----------------+-----------+-------------------------------------------+
Note: In order to hide this table in the UI and the text report file, please set the "Show Parameter Settings in Synthesis Report" option in "Analysis and Synthesis Settings -> More Settings" to "Off".


+------------------------------------------------------------------------------+
; Parameter Settings for User Entity Instance: BlinkGenerator:blinkForLeds_2hz ;
+----------------+----------+--------------------------------------------------+
; Parameter Name ; Value    ; Type                                             ;
+----------------+----------+--------------------------------------------------+
; number_steps   ; 25000000 ; Signed Integer                                   ;
+----------------+----------+--------------------------------------------------+
Note: In order to hide this table in the UI and the text report file, please set the "Show Parameter Settings in Synthesis Report" option in "Analysis and Synthesis Settings -> More Settings" to "Off".


+------------------------------------------------------------------------------+
; Parameter Settings for User Entity Instance: BlinkGenerator:blinkForLeds_1hz ;
+----------------+----------+--------------------------------------------------+
; Parameter Name ; Value    ; Type                                             ;
+----------------+----------+--------------------------------------------------+
; number_steps   ; 50000000 ; Signed Integer                                   ;
+----------------+----------+--------------------------------------------------+
Note: In order to hide this table in the UI and the text report file, please set the "Show Parameter Settings in Synthesis Report" option in "Analysis and Synthesis Settings -> More Settings" to "Off".


+-----------------------------------------------------------------------+
; Parameter Settings for User Entity Instance: PulseGenerator:pulse_1hz ;
+----------------+----------+-------------------------------------------+
; Parameter Name ; Value    ; Type                                      ;
+----------------+----------+-------------------------------------------+
; max            ; 50000000 ; Signed Integer                            ;
+----------------+----------+-------------------------------------------+
Note: In order to hide this table in the UI and the text report file, please set the "Show Parameter Settings in Synthesis Report" option in "Analysis and Synthesis Settings -> More Settings" to "Off".


+-----------------------------------------------------------------------+
; Parameter Settings for User Entity Instance: PulseGenerator:pulse_2hz ;
+----------------+----------+-------------------------------------------+
; Parameter Name ; Value    ; Type                                      ;
+----------------+----------+-------------------------------------------+
; max            ; 25000000 ; Signed Integer                            ;
+----------------+----------+-------------------------------------------+
Note: In order to hide this table in the UI and the text report file, please set the "Show Parameter Settings in Synthesis Report" option in "Analysis and Synthesis Settings -> More Settings" to "Off".


+------------------------------------------------------+
; Port Connectivity Checks: "Mux4_1_8Bits:options_mux" ;
+---------------+-------+----------+-------------------+
; Port          ; Type  ; Severity ; Details           ;
+---------------+-------+----------+-------------------+
; datain0       ; Input ; Info     ; Stuck at VCC      ;
; datain1[3..0] ; Input ; Info     ; Stuck at GND      ;
; datain2[7..4] ; Input ; Info     ; Stuck at GND      ;
+---------------+-------+----------+-------------------+


+------------------------------------------------------+
; Port Connectivity Checks: "PulseGenerator:pulse_2hz" ;
+-------+-------+----------+---------------------------+
; Port  ; Type  ; Severity ; Details                   ;
+-------+-------+----------+---------------------------+
; reset ; Input ; Info     ; Stuck at GND              ;
+-------+-------+----------+---------------------------+


+------------------------------------------------------+
; Port Connectivity Checks: "PulseGenerator:pulse_1hz" ;
+-------+-------+----------+---------------------------+
; Port  ; Type  ; Severity ; Details                   ;
+-------+-------+----------+---------------------------+
; reset ; Input ; Info     ; Stuck at GND              ;
+-------+-------+----------+---------------------------+


+-------------------------------------------------------------+
; Port Connectivity Checks: "BlinkGenerator:blinkForLeds_1hz" ;
+-------+-------+----------+----------------------------------+
; Port  ; Type  ; Severity ; Details                          ;
+-------+-------+----------+----------------------------------+
; reset ; Input ; Info     ; Stuck at GND                     ;
+-------+-------+----------+----------------------------------+


+-------------------------------------------------------------+
; Port Connectivity Checks: "BlinkGenerator:blinkForLeds_2hz" ;
+-------+-------+----------+----------------------------------+
; Port  ; Type  ; Severity ; Details                          ;
+-------+-------+----------+----------------------------------+
; reset ; Input ; Info     ; Stuck at GND                     ;
+-------+-------+----------+----------------------------------+


+--------------------------------------------------------------+
; Port Connectivity Checks: "program7Seg:sevenSegProgransHEX0" ;
+----------------+-------+----------+--------------------------+
; Port           ; Type  ; Severity ; Details                  ;
+----------------+-------+----------+--------------------------+
; bininput[3..2] ; Input ; Info     ; Stuck at GND             ;
; enable         ; Input ; Info     ; Stuck at VCC             ;
+----------------+-------+----------+--------------------------+


+-------------------------------------------------------+
; Port Connectivity Checks: "PulseGenerator:pulse_4seg" ;
+-------+-------+----------+----------------------------+
; Port  ; Type  ; Severity ; Details                    ;
+-------+-------+----------+----------------------------+
; reset ; Input ; Info     ; Stuck at GND               ;
+-------+-------+----------+----------------------------+


+-----------------------------------------------------+
; Post-Synthesis Netlist Statistics for Top Partition ;
+-----------------------+-----------------------------+
; Type                  ; Count                       ;
+-----------------------+-----------------------------+
; boundary_port         ; 33                          ;
; cycloneiii_ff         ; 187                         ;
;     ENA SCLR          ; 64                          ;
;     SCLR              ; 51                          ;
;     plain             ; 72                          ;
; cycloneiii_lcell_comb ; 348                         ;
;     arith             ; 185                         ;
;         2 data inputs ; 183                         ;
;         3 data inputs ; 2                           ;
;     normal            ; 163                         ;
;         0 data inputs ; 1                           ;
;         1 data inputs ; 11                          ;
;         2 data inputs ; 43                          ;
;         3 data inputs ; 13                          ;
;         4 data inputs ; 95                          ;
;                       ;                             ;
; Max LUT depth         ; 4.70                        ;
; Average LUT depth     ; 3.33                        ;
+-----------------------+-----------------------------+


+-------------------------------+
; Elapsed Time Per Partition    ;
+----------------+--------------+
; Partition Name ; Elapsed Time ;
+----------------+--------------+
; Top            ; 00:00:01     ;
+----------------+--------------+


+-------------------------------+
; Analysis & Synthesis Messages ;
+-------------------------------+
Info: *******************************************************************
Info: Running Quartus Prime Analysis & Synthesis
    Info: Version 22.1std.2 Build 922 07/20/2023 SC Lite Edition
    Info: Processing started: Tue Apr 16 11:42:54 2024
Info: Command: quartus_map --read_settings_files=on --write_settings_files=off miniProjeto -c miniProjeto
Warning (18236): Number of processors has not been specified which may cause overloading on shared machines.  Set the global assignment NUM_PARALLEL_PROCESSORS in your QSF to an appropriate value for best performance.
Info (20030): Parallel compilation is enabled and will use 2 of the 2 processors detected
Info (12021): Found 2 design units, including 1 entities, in source file CounterUp15.vhd
    Info (12022): Found design unit 1: CounterUp15-Behavioral File: /home/rhyan/Documents/ua/1.2/LSD/miniProjeto1/CounterUp15.vhd Line: 12
    Info (12023): Found entity 1: CounterUp15 File: /home/rhyan/Documents/ua/1.2/LSD/miniProjeto1/CounterUp15.vhd Line: 5
Info (12021): Found 2 design units, including 1 entities, in source file Bin7SegDecoder.vhd
    Info (12022): Found design unit 1: Bin7SegDecoder-Behavioral File: /home/rhyan/Documents/ua/1.2/LSD/miniProjeto1/Bin7SegDecoder.vhd Line: 10
    Info (12023): Found entity 1: Bin7SegDecoder File: /home/rhyan/Documents/ua/1.2/LSD/miniProjeto1/Bin7SegDecoder.vhd Line: 4
Info (12021): Found 2 design units, including 1 entities, in source file program7Seg.vhd
    Info (12022): Found design unit 1: program7Seg-Behavioral File: /home/rhyan/Documents/ua/1.2/LSD/miniProjeto1/program7Seg.vhd Line: 10
    Info (12023): Found entity 1: program7Seg File: /home/rhyan/Documents/ua/1.2/LSD/miniProjeto1/program7Seg.vhd Line: 4
Info (12021): Found 2 design units, including 1 entities, in source file PulseGenerator.vhd
    Info (12022): Found design unit 1: PulseGenerator-Behavioral File: /home/rhyan/Documents/ua/1.2/LSD/miniProjeto1/PulseGenerator.vhd Line: 10
    Info (12023): Found entity 1: PulseGenerator File: /home/rhyan/Documents/ua/1.2/LSD/miniProjeto1/PulseGenerator.vhd Line: 4
Info (12021): Found 2 design units, including 1 entities, in source file BlinkGenerator.vhd
    Info (12022): Found design unit 1: BlinkGenerator-Behavioral File: /home/rhyan/Documents/ua/1.2/LSD/miniProjeto1/BlinkGenerator.vhd Line: 12
    Info (12023): Found entity 1: BlinkGenerator File: /home/rhyan/Documents/ua/1.2/LSD/miniProjeto1/BlinkGenerator.vhd Line: 5
Info (12021): Found 2 design units, including 1 entities, in source file Mux4_1_8Bits.vhd
    Info (12022): Found design unit 1: Mux4_1_8Bits-Behavioral File: /home/rhyan/Documents/ua/1.2/LSD/miniProjeto1/Mux4_1_8Bits.vhd Line: 13
    Info (12023): Found entity 1: Mux4_1_8Bits File: /home/rhyan/Documents/ua/1.2/LSD/miniProjeto1/Mux4_1_8Bits.vhd Line: 4
Info (12021): Found 2 design units, including 1 entities, in source file miniProjeto.vhd
    Info (12022): Found design unit 1: miniProjeto-Structural File: /home/rhyan/Documents/ua/1.2/LSD/miniProjeto1/miniProjeto.vhd Line: 16
    Info (12023): Found entity 1: miniProjeto File: /home/rhyan/Documents/ua/1.2/LSD/miniProjeto1/miniProjeto.vhd Line: 5
Info (12127): Elaborating entity "miniProjeto" for the top level hierarchy
Warning (10492): VHDL Process Statement warning at miniProjeto.vhd(102): signal "control_program4" is read inside the Process Statement but isn't in the Process Statement's sensitivity list File: /home/rhyan/Documents/ua/1.2/LSD/miniProjeto1/miniProjeto.vhd Line: 102
Warning (10492): VHDL Process Statement warning at miniProjeto.vhd(103): signal "s_leds_program3" is read inside the Process Statement but isn't in the Process Statement's sensitivity list File: /home/rhyan/Documents/ua/1.2/LSD/miniProjeto1/miniProjeto.vhd Line: 103
Warning (10492): VHDL Process Statement warning at miniProjeto.vhd(105): signal "s_leds_program2" is read inside the Process Statement but isn't in the Process Statement's sensitivity list File: /home/rhyan/Documents/ua/1.2/LSD/miniProjeto1/miniProjeto.vhd Line: 105
Warning (10873): Using initial value X (don't care) for net "LEDR[4]" at miniProjeto.vhd(9) File: /home/rhyan/Documents/ua/1.2/LSD/miniProjeto1/miniProjeto.vhd Line: 9
Info (12129): Elaborating entity "PulseGenerator" using architecture "A:behavioral" for hierarchy "PulseGenerator:pulse_4seg" File: /home/rhyan/Documents/ua/1.2/LSD/miniProjeto1/miniProjeto.vhd Line: 53
Info (12129): Elaborating entity "program7Seg" using architecture "A:behavioral" for hierarchy "program7Seg:sevenSegProgransHEX0" File: /home/rhyan/Documents/ua/1.2/LSD/miniProjeto1/miniProjeto.vhd Line: 74
Info (12129): Elaborating entity "BlinkGenerator" using architecture "A:behavioral" for hierarchy "BlinkGenerator:blinkForLeds_2hz" File: /home/rhyan/Documents/ua/1.2/LSD/miniProjeto1/miniProjeto.vhd Line: 80
Info (12129): Elaborating entity "BlinkGenerator" using architecture "A:behavioral" for hierarchy "BlinkGenerator:blinkForLeds_1hz" File: /home/rhyan/Documents/ua/1.2/LSD/miniProjeto1/miniProjeto.vhd Line: 90
Info (12129): Elaborating entity "PulseGenerator" using architecture "A:behavioral" for hierarchy "PulseGenerator:pulse_1hz" File: /home/rhyan/Documents/ua/1.2/LSD/miniProjeto1/miniProjeto.vhd Line: 109
Info (12129): Elaborating entity "PulseGenerator" using architecture "A:behavioral" for hierarchy "PulseGenerator:pulse_2hz" File: /home/rhyan/Documents/ua/1.2/LSD/miniProjeto1/miniProjeto.vhd Line: 116
Info (12129): Elaborating entity "CounterUp15" using architecture "A:behavioral" for hierarchy "CounterUp15:counter_greenBlink" File: /home/rhyan/Documents/ua/1.2/LSD/miniProjeto1/miniProjeto.vhd Line: 123
Info (12129): Elaborating entity "Bin7SegDecoder" using architecture "A:behavioral" for hierarchy "Bin7SegDecoder:sevenSegCountGreen" File: /home/rhyan/Documents/ua/1.2/LSD/miniProjeto1/miniProjeto.vhd Line: 139
Info (12129): Elaborating entity "Mux4_1_8Bits" using architecture "A:behavioral" for hierarchy "Mux4_1_8Bits:options_mux" File: /home/rhyan/Documents/ua/1.2/LSD/miniProjeto1/miniProjeto.vhd Line: 152
Warning (13024): Output pins are stuck at VCC or GND
    Warning (13410): Pin "LEDR[4]" is stuck at GND File: /home/rhyan/Documents/ua/1.2/LSD/miniProjeto1/miniProjeto.vhd Line: 9
    Warning (13410): Pin "HEX0[1]" is stuck at GND File: /home/rhyan/Documents/ua/1.2/LSD/miniProjeto1/miniProjeto.vhd Line: 11
Info (286030): Timing-Driven Synthesis is running
Info (16010): Generating hard_block partition "hard_block:auto_generated_inst"
    Info (16011): Adding 0 node(s), including 0 DDIO, 0 PLL, 0 transceiver and 0 LCELL
Info (21057): Implemented 381 device resources after synthesis - the final resource count might be different
    Info (21058): Implemented 3 input pins
    Info (21059): Implemented 30 output pins
    Info (21061): Implemented 348 logic cells
Info: Quartus Prime Analysis & Synthesis was successful. 0 errors, 8 warnings
    Info: Peak virtual memory: 426 megabytes
    Info: Processing ended: Tue Apr 16 11:43:04 2024
    Info: Elapsed time: 00:00:10
    Info: Total CPU time (on all processors): 00:00:21


