Analysis & Synthesis report for projetoTreino
Tue Apr  9 10:30:29 2024
Quartus Prime Version 22.1std.2 Build 922 07/20/2023 SC Lite Edition


---------------------
; Table of Contents ;
---------------------
  1. Legal Notice
  2. Analysis & Synthesis Summary
  3. Analysis & Synthesis Settings
  4. Parallel Compilation
  5. Analysis & Synthesis Source Files Read
  6. Analysis & Synthesis Resource Usage Summary
  7. Analysis & Synthesis Resource Utilization by Entity
  8. General Register Statistics
  9. Multiplexer Restructuring Statistics (Restructuring Performed)
 10. Parameter Settings for User Entity Instance: BlinkGenerator:blinkForLeds_4hz
 11. Parameter Settings for User Entity Instance: PulseGenerator:pulseForCounter_1hz
 12. Parameter Settings for Inferred Entity Instance: Bin4ToBCD:binToBCD|lpm_divide:Mod0
 13. Parameter Settings for Inferred Entity Instance: Bin4ToBCD:binToBCD|lpm_divide:Div0
 14. Port Connectivity Checks: "Bin7SegDecoder:sevenSegHEX1"
 15. Port Connectivity Checks: "Bin7SegDecoder:sevenSegHEX0"
 16. Port Connectivity Checks: "BlinkGenerator:blinkForLeds_4hz"
 17. Post-Synthesis Netlist Statistics for Top Partition
 18. Elapsed Time Per Partition
 19. Analysis & Synthesis Messages



----------------
; Legal Notice ;
----------------
Copyright (C) 2023  Intel Corporation. All rights reserved.
Your use of Intel Corporation's design tools, logic functions 
and other software and tools, and any partner logic 
functions, and any output files from any of the foregoing 
(including device programming or simulation files), and any 
associated documentation or information are expressly subject 
to the terms and conditions of the Intel Program License 
Subscription Agreement, the Intel Quartus Prime License Agreement,
the Intel FPGA IP License Agreement, or other applicable license
agreement, including, without limitation, that your use is for
the sole purpose of programming logic devices manufactured by
Intel and sold by Intel or its authorized distributors.  Please
refer to the applicable agreement for further details, at
https://fpgasoftware.intel.com/eula.



+-------------------------------------------------------------------------------------+
; Analysis & Synthesis Summary                                                        ;
+------------------------------------+------------------------------------------------+
; Analysis & Synthesis Status        ; Successful - Tue Apr  9 10:30:29 2024          ;
; Quartus Prime Version              ; 22.1std.2 Build 922 07/20/2023 SC Lite Edition ;
; Revision Name                      ; projetoTreino                                  ;
; Top-level Entity Name              ; projetoTreinoVHD                               ;
; Family                             ; Cyclone IV E                                   ;
; Total logic elements               ; 140                                            ;
;     Total combinational functions  ; 138                                            ;
;     Dedicated logic registers      ; 85                                             ;
; Total registers                    ; 85                                             ;
; Total pins                         ; 21                                             ;
; Total virtual pins                 ; 0                                              ;
; Total memory bits                  ; 0                                              ;
; Embedded Multiplier 9-bit elements ; 0                                              ;
; Total PLLs                         ; 0                                              ;
+------------------------------------+------------------------------------------------+


+------------------------------------------------------------------------------------------------------------+
; Analysis & Synthesis Settings                                                                              ;
+------------------------------------------------------------------+--------------------+--------------------+
; Option                                                           ; Setting            ; Default Value      ;
+------------------------------------------------------------------+--------------------+--------------------+
; Device                                                           ; EP4CE115F29C7      ;                    ;
; Top-level entity name                                            ; projetoTreinoVHD   ; projetoTreino      ;
; Family name                                                      ; Cyclone IV E       ; Cyclone V          ;
; Use smart compilation                                            ; Off                ; Off                ;
; Enable parallel Assembler and Timing Analyzer during compilation ; On                 ; On                 ;
; Enable compact report table                                      ; Off                ; Off                ;
; Restructure Multiplexers                                         ; Auto               ; Auto               ;
; Create Debugging Nodes for IP Cores                              ; Off                ; Off                ;
; Preserve fewer node names                                        ; On                 ; On                 ;
; Intel FPGA IP Evaluation Mode                                    ; Enable             ; Enable             ;
; Verilog Version                                                  ; Verilog_2001       ; Verilog_2001       ;
; VHDL Version                                                     ; VHDL_1993          ; VHDL_1993          ;
; State Machine Processing                                         ; Auto               ; Auto               ;
; Safe State Machine                                               ; Off                ; Off                ;
; Extract Verilog State Machines                                   ; On                 ; On                 ;
; Extract VHDL State Machines                                      ; On                 ; On                 ;
; Ignore Verilog initial constructs                                ; Off                ; Off                ;
; Iteration limit for constant Verilog loops                       ; 5000               ; 5000               ;
; Iteration limit for non-constant Verilog loops                   ; 250                ; 250                ;
; Add Pass-Through Logic to Inferred RAMs                          ; On                 ; On                 ;
; Infer RAMs from Raw Logic                                        ; On                 ; On                 ;
; Parallel Synthesis                                               ; On                 ; On                 ;
; DSP Block Balancing                                              ; Auto               ; Auto               ;
; NOT Gate Push-Back                                               ; On                 ; On                 ;
; Power-Up Don't Care                                              ; On                 ; On                 ;
; Remove Redundant Logic Cells                                     ; Off                ; Off                ;
; Remove Duplicate Registers                                       ; On                 ; On                 ;
; Ignore CARRY Buffers                                             ; Off                ; Off                ;
; Ignore CASCADE Buffers                                           ; Off                ; Off                ;
; Ignore GLOBAL Buffers                                            ; Off                ; Off                ;
; Ignore ROW GLOBAL Buffers                                        ; Off                ; Off                ;
; Ignore LCELL Buffers                                             ; Off                ; Off                ;
; Ignore SOFT Buffers                                              ; On                 ; On                 ;
; Limit AHDL Integers to 32 Bits                                   ; Off                ; Off                ;
; Optimization Technique                                           ; Balanced           ; Balanced           ;
; Carry Chain Length                                               ; 70                 ; 70                 ;
; Auto Carry Chains                                                ; On                 ; On                 ;
; Auto Open-Drain Pins                                             ; On                 ; On                 ;
; Perform WYSIWYG Primitive Resynthesis                            ; Off                ; Off                ;
; Auto ROM Replacement                                             ; On                 ; On                 ;
; Auto RAM Replacement                                             ; On                 ; On                 ;
; Auto DSP Block Replacement                                       ; On                 ; On                 ;
; Auto Shift Register Replacement                                  ; Auto               ; Auto               ;
; Allow Shift Register Merging across Hierarchies                  ; Auto               ; Auto               ;
; Auto Clock Enable Replacement                                    ; On                 ; On                 ;
; Strict RAM Replacement                                           ; Off                ; Off                ;
; Allow Synchronous Control Signals                                ; On                 ; On                 ;
; Force Use of Synchronous Clear Signals                           ; Off                ; Off                ;
; Auto RAM Block Balancing                                         ; On                 ; On                 ;
; Auto RAM to Logic Cell Conversion                                ; Off                ; Off                ;
; Auto Resource Sharing                                            ; Off                ; Off                ;
; Allow Any RAM Size For Recognition                               ; Off                ; Off                ;
; Allow Any ROM Size For Recognition                               ; Off                ; Off                ;
; Allow Any Shift Register Size For Recognition                    ; Off                ; Off                ;
; Use LogicLock Constraints during Resource Balancing              ; On                 ; On                 ;
; Ignore translate_off and synthesis_off directives                ; Off                ; Off                ;
; Timing-Driven Synthesis                                          ; On                 ; On                 ;
; Report Parameter Settings                                        ; On                 ; On                 ;
; Report Source Assignments                                        ; On                 ; On                 ;
; Report Connectivity Checks                                       ; On                 ; On                 ;
; Ignore Maximum Fan-Out Assignments                               ; Off                ; Off                ;
; Synchronization Register Chain Length                            ; 2                  ; 2                  ;
; Power Optimization During Synthesis                              ; Normal compilation ; Normal compilation ;
; HDL message level                                                ; Level2             ; Level2             ;
; Suppress Register Optimization Related Messages                  ; Off                ; Off                ;
; Number of Removed Registers Reported in Synthesis Report         ; 5000               ; 5000               ;
; Number of Swept Nodes Reported in Synthesis Report               ; 5000               ; 5000               ;
; Number of Inverted Registers Reported in Synthesis Report        ; 100                ; 100                ;
; Clock MUX Protection                                             ; On                 ; On                 ;
; Auto Gated Clock Conversion                                      ; Off                ; Off                ;
; Block Design Naming                                              ; Auto               ; Auto               ;
; SDC constraint protection                                        ; Off                ; Off                ;
; Synthesis Effort                                                 ; Auto               ; Auto               ;
; Shift Register Replacement - Allow Asynchronous Clear Signal     ; On                 ; On                 ;
; Pre-Mapping Resynthesis Optimization                             ; Off                ; Off                ;
; Analysis & Synthesis Message Level                               ; Medium             ; Medium             ;
; Disable Register Merging Across Hierarchies                      ; Auto               ; Auto               ;
; Resource Aware Inference For Block RAM                           ; On                 ; On                 ;
+------------------------------------------------------------------+--------------------+--------------------+


+------------------------------------------+
; Parallel Compilation                     ;
+----------------------------+-------------+
; Processors                 ; Number      ;
+----------------------------+-------------+
; Number detected on machine ; 4           ;
; Maximum allowed            ; 2           ;
;                            ;             ;
; Average used               ; 1.00        ;
; Maximum used               ; 2           ;
;                            ;             ;
; Usage by Processor         ; % Time Used ;
;     Processor 1            ; 100.0%      ;
;     Processor 2            ;   0.0%      ;
+----------------------------+-------------+


+---------------------------------------------------------------------------------------------------------------------------------------------------------------------------------------+
; Analysis & Synthesis Source Files Read                                                                                                                                                ;
+----------------------------------+-----------------+------------------------------+-----------------------------------------------------------------------------------------+---------+
; File Name with User-Entered Path ; Used in Netlist ; File Type                    ; File Name with Absolute Path                                                            ; Library ;
+----------------------------------+-----------------+------------------------------+-----------------------------------------------------------------------------------------+---------+
; projetoTreinoVHD.vhd             ; yes             ; User VHDL File               ; /home/rhyan/Documents/ua/1.2/LSD/projetoTreino/projetoTreinoVHD.vhd                     ;         ;
; CounterUp12Enable.vhd            ; yes             ; User VHDL File               ; /home/rhyan/Documents/ua/1.2/LSD/projetoTreino/CounterUp12Enable.vhd                    ;         ;
; BlinkGenerator.vhd               ; yes             ; User VHDL File               ; /home/rhyan/Documents/ua/1.2/LSD/projetoTreino/BlinkGenerator.vhd                       ;         ;
; PulseGenerator.vhd               ; yes             ; User VHDL File               ; /home/rhyan/Documents/ua/1.2/LSD/projetoTreino/PulseGenerator.vhd                       ;         ;
; Bin7SegDecoder.vhd               ; yes             ; User VHDL File               ; /home/rhyan/Documents/ua/1.2/LSD/projetoTreino/Bin7SegDecoder.vhd                       ;         ;
; Bin4ToBCD.vhd                    ; yes             ; User VHDL File               ; /home/rhyan/Documents/ua/1.2/LSD/projetoTreino/Bin4ToBCD.vhd                            ;         ;
; lpm_divide.tdf                   ; yes             ; Megafunction                 ; /home/rhyan/.intel_fpga_lite/22.1.2/quartus/libraries/megafunctions/lpm_divide.tdf      ;         ;
; abs_divider.inc                  ; yes             ; Megafunction                 ; /home/rhyan/.intel_fpga_lite/22.1.2/quartus/libraries/megafunctions/abs_divider.inc     ;         ;
; sign_div_unsign.inc              ; yes             ; Megafunction                 ; /home/rhyan/.intel_fpga_lite/22.1.2/quartus/libraries/megafunctions/sign_div_unsign.inc ;         ;
; aglobal221.inc                   ; yes             ; Megafunction                 ; /home/rhyan/.intel_fpga_lite/22.1.2/quartus/libraries/megafunctions/aglobal221.inc      ;         ;
; db/lpm_divide_i9m.tdf            ; yes             ; Auto-Generated Megafunction  ; /home/rhyan/Documents/ua/1.2/LSD/projetoTreino/db/lpm_divide_i9m.tdf                    ;         ;
; db/sign_div_unsign_7kh.tdf       ; yes             ; Auto-Generated Megafunction  ; /home/rhyan/Documents/ua/1.2/LSD/projetoTreino/db/sign_div_unsign_7kh.tdf               ;         ;
; db/alt_u_div_24f.tdf             ; yes             ; Auto-Generated Megafunction  ; /home/rhyan/Documents/ua/1.2/LSD/projetoTreino/db/alt_u_div_24f.tdf                     ;         ;
; db/add_sub_7pc.tdf               ; yes             ; Auto-Generated Megafunction  ; /home/rhyan/Documents/ua/1.2/LSD/projetoTreino/db/add_sub_7pc.tdf                       ;         ;
; db/add_sub_8pc.tdf               ; yes             ; Auto-Generated Megafunction  ; /home/rhyan/Documents/ua/1.2/LSD/projetoTreino/db/add_sub_8pc.tdf                       ;         ;
; db/lpm_divide_fhm.tdf            ; yes             ; Auto-Generated Megafunction  ; /home/rhyan/Documents/ua/1.2/LSD/projetoTreino/db/lpm_divide_fhm.tdf                    ;         ;
+----------------------------------+-----------------+------------------------------+-----------------------------------------------------------------------------------------+---------+


+--------------------------------------------------------------+
; Analysis & Synthesis Resource Usage Summary                  ;
+---------------------------------------------+----------------+
; Resource                                    ; Usage          ;
+---------------------------------------------+----------------+
; Estimated Total logic elements              ; 140            ;
;                                             ;                ;
; Total combinational functions               ; 138            ;
; Logic element usage by number of LUT inputs ;                ;
;     -- 4 input functions                    ; 35             ;
;     -- 3 input functions                    ; 9              ;
;     -- <=2 input functions                  ; 94             ;
;                                             ;                ;
; Logic elements by mode                      ;                ;
;     -- normal mode                          ; 56             ;
;     -- arithmetic mode                      ; 82             ;
;                                             ;                ;
; Total registers                             ; 85             ;
;     -- Dedicated logic registers            ; 85             ;
;     -- I/O registers                        ; 0              ;
;                                             ;                ;
; I/O pins                                    ; 21             ;
;                                             ;                ;
; Embedded Multiplier 9-bit elements          ; 0              ;
;                                             ;                ;
; Maximum fan-out node                        ; CLOCK_50~input ;
; Maximum fan-out                             ; 85             ;
; Total fan-out                               ; 670            ;
; Average fan-out                             ; 2.53           ;
+---------------------------------------------+----------------+


+--------------------------------------------------------------------------------------------------------------------------------------------------------------------------------------------------------------------------------------------------------------------------------------------------------------------------------------------------+
; Analysis & Synthesis Resource Utilization by Entity                                                                                                                                                                                                                                                                                              ;
+-------------------------------------------+---------------------+---------------------------+-------------+--------------+---------+-----------+------+--------------+--------------------------------------------------------------------------------------------------------------------------------------+---------------------+--------------+
; Compilation Hierarchy Node                ; Combinational ALUTs ; Dedicated Logic Registers ; Memory Bits ; DSP Elements ; DSP 9x9 ; DSP 18x18 ; Pins ; Virtual Pins ; Full Hierarchy Name                                                                                                                  ; Entity Name         ; Library Name ;
+-------------------------------------------+---------------------+---------------------------+-------------+--------------+---------+-----------+------+--------------+--------------------------------------------------------------------------------------------------------------------------------------+---------------------+--------------+
; |projetoTreinoVHD                         ; 138 (4)             ; 85 (2)                    ; 0           ; 0            ; 0       ; 0         ; 21   ; 0            ; |projetoTreinoVHD                                                                                                                    ; projetoTreinoVHD    ; work         ;
;    |Bin4ToBCD:binToBCD|                   ; 7 (0)               ; 0 (0)                     ; 0           ; 0            ; 0       ; 0         ; 0    ; 0            ; |projetoTreinoVHD|Bin4ToBCD:binToBCD                                                                                                 ; Bin4ToBCD           ; work         ;
;       |lpm_divide:Mod0|                   ; 7 (0)               ; 0 (0)                     ; 0           ; 0            ; 0       ; 0         ; 0    ; 0            ; |projetoTreinoVHD|Bin4ToBCD:binToBCD|lpm_divide:Mod0                                                                                 ; lpm_divide          ; work         ;
;          |lpm_divide_i9m:auto_generated|  ; 7 (0)               ; 0 (0)                     ; 0           ; 0            ; 0       ; 0         ; 0    ; 0            ; |projetoTreinoVHD|Bin4ToBCD:binToBCD|lpm_divide:Mod0|lpm_divide_i9m:auto_generated                                                   ; lpm_divide_i9m      ; work         ;
;             |sign_div_unsign_7kh:divider| ; 7 (0)               ; 0 (0)                     ; 0           ; 0            ; 0       ; 0         ; 0    ; 0            ; |projetoTreinoVHD|Bin4ToBCD:binToBCD|lpm_divide:Mod0|lpm_divide_i9m:auto_generated|sign_div_unsign_7kh:divider                       ; sign_div_unsign_7kh ; work         ;
;                |alt_u_div_24f:divider|    ; 7 (7)               ; 0 (0)                     ; 0           ; 0            ; 0       ; 0         ; 0    ; 0            ; |projetoTreinoVHD|Bin4ToBCD:binToBCD|lpm_divide:Mod0|lpm_divide_i9m:auto_generated|sign_div_unsign_7kh:divider|alt_u_div_24f:divider ; alt_u_div_24f       ; work         ;
;    |Bin7SegDecoder:sevenSegHEX0|          ; 7 (7)               ; 0 (0)                     ; 0           ; 0            ; 0       ; 0         ; 0    ; 0            ; |projetoTreinoVHD|Bin7SegDecoder:sevenSegHEX0                                                                                        ; Bin7SegDecoder      ; work         ;
;    |Bin7SegDecoder:sevenSegHEX1|          ; 1 (1)               ; 0 (0)                     ; 0           ; 0            ; 0       ; 0         ; 0    ; 0            ; |projetoTreinoVHD|Bin7SegDecoder:sevenSegHEX1                                                                                        ; Bin7SegDecoder      ; work         ;
;    |BlinkGenerator:blinkForLeds_4hz|      ; 38 (38)             ; 24 (24)                   ; 0           ; 0            ; 0       ; 0         ; 0    ; 0            ; |projetoTreinoVHD|BlinkGenerator:blinkForLeds_4hz                                                                                    ; BlinkGenerator      ; work         ;
;    |CounterUp12Enable:counter|            ; 44 (44)             ; 32 (32)                   ; 0           ; 0            ; 0       ; 0         ; 0    ; 0            ; |projetoTreinoVHD|CounterUp12Enable:counter                                                                                          ; CounterUp12Enable   ; work         ;
;    |PulseGenerator:pulseForCounter_1hz|   ; 37 (37)             ; 27 (27)                   ; 0           ; 0            ; 0       ; 0         ; 0    ; 0            ; |projetoTreinoVHD|PulseGenerator:pulseForCounter_1hz                                                                                 ; PulseGenerator      ; work         ;
+-------------------------------------------+---------------------+---------------------------+-------------+--------------+---------+-----------+------+--------------+--------------------------------------------------------------------------------------------------------------------------------------+---------------------+--------------+
Note: For table entries with two numbers listed, the numbers in parentheses indicate the number of resources of the given type used by the specific entity alone. The numbers listed outside of parentheses indicate the total resources of the given type used by the specific entity and all of its sub-entities in the hierarchy.


+------------------------------------------------------+
; General Register Statistics                          ;
+----------------------------------------------+-------+
; Statistic                                    ; Value ;
+----------------------------------------------+-------+
; Total registers                              ; 85    ;
; Number of registers using Synchronous Clear  ; 82    ;
; Number of registers using Synchronous Load   ; 0     ;
; Number of registers using Asynchronous Clear ; 0     ;
; Number of registers using Asynchronous Load  ; 0     ;
; Number of registers using Clock Enable       ; 32    ;
; Number of registers using Preset             ; 0     ;
+----------------------------------------------+-------+


+-----------------------------------------------------------------------------------------------------------------------------------------------------------------------------+
; Multiplexer Restructuring Statistics (Restructuring Performed)                                                                                                              ;
+--------------------+-----------+---------------+----------------------+------------------------+------------+---------------------------------------------------------------+
; Multiplexer Inputs ; Bus Width ; Baseline Area ; Area if Restructured ; Saving if Restructured ; Registered ; Example Multiplexer Output                                    ;
+--------------------+-----------+---------------+----------------------+------------------------+------------+---------------------------------------------------------------+
; 3:1                ; 26 bits   ; 52 LEs        ; 26 LEs               ; 26 LEs                 ; Yes        ; |projetoTreinoVHD|PulseGenerator:pulseForCounter_1hz|s_cnt[7] ;
; 4:1                ; 32 bits   ; 64 LEs        ; 32 LEs               ; 32 LEs                 ; Yes        ; |projetoTreinoVHD|CounterUp12Enable:counter|s_count[22]       ;
; 4:1                ; 3 bits    ; 6 LEs         ; 3 LEs                ; 3 LEs                  ; No         ; |projetoTreinoVHD|Bin7SegDecoder:sevenSegHEX1|decOut_n        ;
; 16:1               ; 2 bits    ; 20 LEs        ; 16 LEs               ; 4 LEs                  ; No         ; |projetoTreinoVHD|Bin7SegDecoder:sevenSegHEX0|decOut_n        ;
+--------------------+-----------+---------------+----------------------+------------------------+------------+---------------------------------------------------------------+


+------------------------------------------------------------------------------+
; Parameter Settings for User Entity Instance: BlinkGenerator:blinkForLeds_4hz ;
+----------------+----------+--------------------------------------------------+
; Parameter Name ; Value    ; Type                                             ;
+----------------+----------+--------------------------------------------------+
; number_steps   ; 12500000 ; Signed Integer                                   ;
+----------------+----------+--------------------------------------------------+
Note: In order to hide this table in the UI and the text report file, please set the "Show Parameter Settings in Synthesis Report" option in "Analysis and Synthesis Settings -> More Settings" to "Off".


+---------------------------------------------------------------------------------+
; Parameter Settings for User Entity Instance: PulseGenerator:pulseForCounter_1hz ;
+----------------+----------+-----------------------------------------------------+
; Parameter Name ; Value    ; Type                                                ;
+----------------+----------+-----------------------------------------------------+
; max            ; 50000000 ; Signed Integer                                      ;
+----------------+----------+-----------------------------------------------------+
Note: In order to hide this table in the UI and the text report file, please set the "Show Parameter Settings in Synthesis Report" option in "Analysis and Synthesis Settings -> More Settings" to "Off".


+-------------------------------------------------------------------------------------+
; Parameter Settings for Inferred Entity Instance: Bin4ToBCD:binToBCD|lpm_divide:Mod0 ;
+------------------------+----------------+-------------------------------------------+
; Parameter Name         ; Value          ; Type                                      ;
+------------------------+----------------+-------------------------------------------+
; LPM_WIDTHN             ; 4              ; Untyped                                   ;
; LPM_WIDTHD             ; 4              ; Untyped                                   ;
; LPM_NREPRESENTATION    ; UNSIGNED       ; Untyped                                   ;
; LPM_DREPRESENTATION    ; UNSIGNED       ; Untyped                                   ;
; LPM_PIPELINE           ; 0              ; Untyped                                   ;
; LPM_REMAINDERPOSITIVE  ; TRUE           ; Untyped                                   ;
; MAXIMIZE_SPEED         ; 5              ; Untyped                                   ;
; CBXI_PARAMETER         ; lpm_divide_i9m ; Untyped                                   ;
; CARRY_CHAIN            ; MANUAL         ; Untyped                                   ;
; OPTIMIZE_FOR_SPEED     ; 5              ; Untyped                                   ;
; AUTO_CARRY_CHAINS      ; ON             ; AUTO_CARRY                                ;
; IGNORE_CARRY_BUFFERS   ; OFF            ; IGNORE_CARRY                              ;
; AUTO_CASCADE_CHAINS    ; ON             ; AUTO_CASCADE                              ;
; IGNORE_CASCADE_BUFFERS ; OFF            ; IGNORE_CASCADE                            ;
+------------------------+----------------+-------------------------------------------+
Note: In order to hide this table in the UI and the text report file, please set the "Show Parameter Settings in Synthesis Report" option in "Analysis and Synthesis Settings -> More Settings" to "Off".


+-------------------------------------------------------------------------------------+
; Parameter Settings for Inferred Entity Instance: Bin4ToBCD:binToBCD|lpm_divide:Div0 ;
+------------------------+----------------+-------------------------------------------+
; Parameter Name         ; Value          ; Type                                      ;
+------------------------+----------------+-------------------------------------------+
; LPM_WIDTHN             ; 4              ; Untyped                                   ;
; LPM_WIDTHD             ; 4              ; Untyped                                   ;
; LPM_NREPRESENTATION    ; UNSIGNED       ; Untyped                                   ;
; LPM_DREPRESENTATION    ; UNSIGNED       ; Untyped                                   ;
; LPM_PIPELINE           ; 0              ; Untyped                                   ;
; LPM_REMAINDERPOSITIVE  ; TRUE           ; Untyped                                   ;
; MAXIMIZE_SPEED         ; 5              ; Untyped                                   ;
; CBXI_PARAMETER         ; lpm_divide_fhm ; Untyped                                   ;
; CARRY_CHAIN            ; MANUAL         ; Untyped                                   ;
; OPTIMIZE_FOR_SPEED     ; 5              ; Untyped                                   ;
; AUTO_CARRY_CHAINS      ; ON             ; AUTO_CARRY                                ;
; IGNORE_CARRY_BUFFERS   ; OFF            ; IGNORE_CARRY                              ;
; AUTO_CASCADE_CHAINS    ; ON             ; AUTO_CASCADE                              ;
; IGNORE_CASCADE_BUFFERS ; OFF            ; IGNORE_CASCADE                            ;
+------------------------+----------------+-------------------------------------------+
Note: In order to hide this table in the UI and the text report file, please set the "Show Parameter Settings in Synthesis Report" option in "Analysis and Synthesis Settings -> More Settings" to "Off".


+---------------------------------------------------------+
; Port Connectivity Checks: "Bin7SegDecoder:sevenSegHEX1" ;
+--------+-------+----------+-----------------------------+
; Port   ; Type  ; Severity ; Details                     ;
+--------+-------+----------+-----------------------------+
; enable ; Input ; Info     ; Stuck at VCC                ;
+--------+-------+----------+-----------------------------+


+---------------------------------------------------------+
; Port Connectivity Checks: "Bin7SegDecoder:sevenSegHEX0" ;
+--------+-------+----------+-----------------------------+
; Port   ; Type  ; Severity ; Details                     ;
+--------+-------+----------+-----------------------------+
; enable ; Input ; Info     ; Stuck at VCC                ;
+--------+-------+----------+-----------------------------+


+-------------------------------------------------------------+
; Port Connectivity Checks: "BlinkGenerator:blinkForLeds_4hz" ;
+-------+-------+----------+----------------------------------+
; Port  ; Type  ; Severity ; Details                          ;
+-------+-------+----------+----------------------------------+
; reset ; Input ; Info     ; Stuck at GND                     ;
+-------+-------+----------+----------------------------------+


+-----------------------------------------------------+
; Post-Synthesis Netlist Statistics for Top Partition ;
+-----------------------+-----------------------------+
; Type                  ; Count                       ;
+-----------------------+-----------------------------+
; boundary_port         ; 21                          ;
; cycloneiii_ff         ; 85                          ;
;     ENA SCLR          ; 32                          ;
;     SCLR              ; 50                          ;
;     plain             ; 3                           ;
; cycloneiii_lcell_comb ; 140                         ;
;     arith             ; 82                          ;
;         2 data inputs ; 82                          ;
;     normal            ; 58                          ;
;         0 data inputs ; 3                           ;
;         1 data inputs ; 3                           ;
;         2 data inputs ; 8                           ;
;         3 data inputs ; 9                           ;
;         4 data inputs ; 35                          ;
;                       ;                             ;
; Max LUT depth         ; 6.00                        ;
; Average LUT depth     ; 3.27                        ;
+-----------------------+-----------------------------+


+-------------------------------+
; Elapsed Time Per Partition    ;
+----------------+--------------+
; Partition Name ; Elapsed Time ;
+----------------+--------------+
; Top            ; 00:00:01     ;
+----------------+--------------+


+-------------------------------+
; Analysis & Synthesis Messages ;
+-------------------------------+
Info: *******************************************************************
Info: Running Quartus Prime Analysis & Synthesis
    Info: Version 22.1std.2 Build 922 07/20/2023 SC Lite Edition
    Info: Processing started: Tue Apr  9 10:30:19 2024
Info: Command: quartus_map --read_settings_files=on --write_settings_files=off projetoTreino -c projetoTreino
Warning (18236): Number of processors has not been specified which may cause overloading on shared machines.  Set the global assignment NUM_PARALLEL_PROCESSORS in your QSF to an appropriate value for best performance.
Info (20030): Parallel compilation is enabled and will use 2 of the 2 processors detected
Info (12021): Found 2 design units, including 1 entities, in source file ClkBuffer4Enable.vhd
    Info (12022): Found design unit 1: ClkBuffer4Enable-Behavioral File: /home/rhyan/Documents/ua/1.2/LSD/projetoTreino/ClkBuffer4Enable.vhd Line: 11
    Info (12023): Found entity 1: ClkBuffer4Enable File: /home/rhyan/Documents/ua/1.2/LSD/projetoTreino/ClkBuffer4Enable.vhd Line: 5
Info (12021): Found 2 design units, including 1 entities, in source file projetoTreinoVHD.vhd
    Info (12022): Found design unit 1: projetoTreinoVHD-Structural File: /home/rhyan/Documents/ua/1.2/LSD/projetoTreino/projetoTreinoVHD.vhd Line: 13
    Info (12023): Found entity 1: projetoTreinoVHD File: /home/rhyan/Documents/ua/1.2/LSD/projetoTreino/projetoTreinoVHD.vhd Line: 5
Info (12021): Found 2 design units, including 1 entities, in source file CounterUp12Enable.vhd
    Info (12022): Found design unit 1: CounterUp12Enable-Behavioral File: /home/rhyan/Documents/ua/1.2/LSD/projetoTreino/CounterUp12Enable.vhd Line: 12
    Info (12023): Found entity 1: CounterUp12Enable File: /home/rhyan/Documents/ua/1.2/LSD/projetoTreino/CounterUp12Enable.vhd Line: 5
Info (12021): Found 2 design units, including 1 entities, in source file ClkBuffer4Bits.vhd
    Info (12022): Found design unit 1: ClkBuffer4Bits-Behavioral File: /home/rhyan/Documents/ua/1.2/LSD/projetoTreino/ClkBuffer4Bits.vhd Line: 12
    Info (12023): Found entity 1: ClkBuffer4Bits File: /home/rhyan/Documents/ua/1.2/LSD/projetoTreino/ClkBuffer4Bits.vhd Line: 5
Info (12021): Found 2 design units, including 1 entities, in source file BlinkGenerator.vhd
    Info (12022): Found design unit 1: BlinkGenerator-Behavioral File: /home/rhyan/Documents/ua/1.2/LSD/projetoTreino/BlinkGenerator.vhd Line: 12
    Info (12023): Found entity 1: BlinkGenerator File: /home/rhyan/Documents/ua/1.2/LSD/projetoTreino/BlinkGenerator.vhd Line: 5
Info (12021): Found 2 design units, including 1 entities, in source file PulseGenerator.vhd
    Info (12022): Found design unit 1: PulseGenerator-Behavioral File: /home/rhyan/Documents/ua/1.2/LSD/projetoTreino/PulseGenerator.vhd Line: 10
    Info (12023): Found entity 1: PulseGenerator File: /home/rhyan/Documents/ua/1.2/LSD/projetoTreino/PulseGenerator.vhd Line: 4
Info (12021): Found 2 design units, including 1 entities, in source file Bin7SegDecoder.vhd
    Info (12022): Found design unit 1: Bin7SegDecoder-Behavioral File: /home/rhyan/Documents/ua/1.2/LSD/projetoTreino/Bin7SegDecoder.vhd Line: 10
    Info (12023): Found entity 1: Bin7SegDecoder File: /home/rhyan/Documents/ua/1.2/LSD/projetoTreino/Bin7SegDecoder.vhd Line: 4
Info (12021): Found 2 design units, including 1 entities, in source file Bin4ToBCD.vhd
    Info (12022): Found design unit 1: Bin4ToBCD-Behavioral File: /home/rhyan/Documents/ua/1.2/LSD/projetoTreino/Bin4ToBCD.vhd Line: 12
    Info (12023): Found entity 1: Bin4ToBCD File: /home/rhyan/Documents/ua/1.2/LSD/projetoTreino/Bin4ToBCD.vhd Line: 5
Info (12021): Found 2 design units, including 1 entities, in source file CounterUp12.vhd
    Info (12022): Found design unit 1: CounterUp12-Behavioral File: /home/rhyan/Documents/ua/1.2/LSD/projetoTreino/CounterUp12.vhd Line: 11
    Info (12023): Found entity 1: CounterUp12 File: /home/rhyan/Documents/ua/1.2/LSD/projetoTreino/CounterUp12.vhd Line: 5
Info (12127): Elaborating entity "projetoTreinoVHD" for the top level hierarchy
Info (12129): Elaborating entity "BlinkGenerator" using architecture "A:behavioral" for hierarchy "BlinkGenerator:blinkForLeds_4hz" File: /home/rhyan/Documents/ua/1.2/LSD/projetoTreino/projetoTreinoVHD.vhd Line: 30
Info (12129): Elaborating entity "PulseGenerator" using architecture "A:behavioral" for hierarchy "PulseGenerator:pulseForCounter_1hz" File: /home/rhyan/Documents/ua/1.2/LSD/projetoTreino/projetoTreinoVHD.vhd Line: 37
Info (12129): Elaborating entity "CounterUp12Enable" using architecture "A:behavioral" for hierarchy "CounterUp12Enable:counter" File: /home/rhyan/Documents/ua/1.2/LSD/projetoTreino/projetoTreinoVHD.vhd Line: 44
Info (12129): Elaborating entity "Bin4ToBCD" using architecture "A:behavioral" for hierarchy "Bin4ToBCD:binToBCD" File: /home/rhyan/Documents/ua/1.2/LSD/projetoTreino/projetoTreinoVHD.vhd Line: 51
Info (12129): Elaborating entity "Bin7SegDecoder" using architecture "A:behavioral" for hierarchy "Bin7SegDecoder:sevenSegHEX0" File: /home/rhyan/Documents/ua/1.2/LSD/projetoTreino/projetoTreinoVHD.vhd Line: 57
Info (278001): Inferred 2 megafunctions from design logic
    Info (278004): Inferred divider/modulo megafunction ("lpm_divide") from the following logic: "Bin4ToBCD:binToBCD|Mod0" File: /home/rhyan/Documents/ua/1.2/LSD/projetoTreino/Bin4ToBCD.vhd Line: 19
    Info (278004): Inferred divider/modulo megafunction ("lpm_divide") from the following logic: "Bin4ToBCD:binToBCD|Div0" File: /home/rhyan/Documents/ua/1.2/LSD/projetoTreino/Bin4ToBCD.vhd Line: 20
Info (12130): Elaborated megafunction instantiation "Bin4ToBCD:binToBCD|lpm_divide:Mod0" File: /home/rhyan/Documents/ua/1.2/LSD/projetoTreino/Bin4ToBCD.vhd Line: 19
Info (12133): Instantiated megafunction "Bin4ToBCD:binToBCD|lpm_divide:Mod0" with the following parameter: File: /home/rhyan/Documents/ua/1.2/LSD/projetoTreino/Bin4ToBCD.vhd Line: 19
    Info (12134): Parameter "LPM_WIDTHN" = "4"
    Info (12134): Parameter "LPM_WIDTHD" = "4"
    Info (12134): Parameter "LPM_NREPRESENTATION" = "UNSIGNED"
    Info (12134): Parameter "LPM_DREPRESENTATION" = "UNSIGNED"
Info (12021): Found 1 design units, including 1 entities, in source file db/lpm_divide_i9m.tdf
    Info (12023): Found entity 1: lpm_divide_i9m File: /home/rhyan/Documents/ua/1.2/LSD/projetoTreino/db/lpm_divide_i9m.tdf Line: 25
Info (12021): Found 1 design units, including 1 entities, in source file db/sign_div_unsign_7kh.tdf
    Info (12023): Found entity 1: sign_div_unsign_7kh File: /home/rhyan/Documents/ua/1.2/LSD/projetoTreino/db/sign_div_unsign_7kh.tdf Line: 25
Info (12021): Found 1 design units, including 1 entities, in source file db/alt_u_div_24f.tdf
    Info (12023): Found entity 1: alt_u_div_24f File: /home/rhyan/Documents/ua/1.2/LSD/projetoTreino/db/alt_u_div_24f.tdf Line: 27
Info (12021): Found 1 design units, including 1 entities, in source file db/add_sub_7pc.tdf
    Info (12023): Found entity 1: add_sub_7pc File: /home/rhyan/Documents/ua/1.2/LSD/projetoTreino/db/add_sub_7pc.tdf Line: 23
Info (12021): Found 1 design units, including 1 entities, in source file db/add_sub_8pc.tdf
    Info (12023): Found entity 1: add_sub_8pc File: /home/rhyan/Documents/ua/1.2/LSD/projetoTreino/db/add_sub_8pc.tdf Line: 23
Info (12130): Elaborated megafunction instantiation "Bin4ToBCD:binToBCD|lpm_divide:Div0" File: /home/rhyan/Documents/ua/1.2/LSD/projetoTreino/Bin4ToBCD.vhd Line: 20
Info (12133): Instantiated megafunction "Bin4ToBCD:binToBCD|lpm_divide:Div0" with the following parameter: File: /home/rhyan/Documents/ua/1.2/LSD/projetoTreino/Bin4ToBCD.vhd Line: 20
    Info (12134): Parameter "LPM_WIDTHN" = "4"
    Info (12134): Parameter "LPM_WIDTHD" = "4"
    Info (12134): Parameter "LPM_NREPRESENTATION" = "UNSIGNED"
    Info (12134): Parameter "LPM_DREPRESENTATION" = "UNSIGNED"
Info (12021): Found 1 design units, including 1 entities, in source file db/lpm_divide_fhm.tdf
    Info (12023): Found entity 1: lpm_divide_fhm File: /home/rhyan/Documents/ua/1.2/LSD/projetoTreino/db/lpm_divide_fhm.tdf Line: 25
Warning (13024): Output pins are stuck at VCC or GND
    Warning (13410): Pin "HEX1[1]" is stuck at GND File: /home/rhyan/Documents/ua/1.2/LSD/projetoTreino/projetoTreinoVHD.vhd Line: 10
    Warning (13410): Pin "HEX1[2]" is stuck at GND File: /home/rhyan/Documents/ua/1.2/LSD/projetoTreino/projetoTreinoVHD.vhd Line: 10
    Warning (13410): Pin "HEX1[6]" is stuck at VCC File: /home/rhyan/Documents/ua/1.2/LSD/projetoTreino/projetoTreinoVHD.vhd Line: 10
Info (286030): Timing-Driven Synthesis is running
Info (16010): Generating hard_block partition "hard_block:auto_generated_inst"
    Info (16011): Adding 0 node(s), including 0 DDIO, 0 PLL, 0 transceiver and 0 LCELL
Info (21057): Implemented 161 device resources after synthesis - the final resource count might be different
    Info (21058): Implemented 3 input pins
    Info (21059): Implemented 18 output pins
    Info (21061): Implemented 140 logic cells
Info: Quartus Prime Analysis & Synthesis was successful. 0 errors, 5 warnings
    Info: Peak virtual memory: 431 megabytes
    Info: Processing ended: Tue Apr  9 10:30:29 2024
    Info: Elapsed time: 00:00:10
    Info: Total CPU time (on all processors): 00:00:21


