Analysis & Synthesis report for projetoTreino2
Sat Apr 13 16:24:55 2024
Quartus Prime Version 22.1std.2 Build 922 07/20/2023 SC Lite Edition


---------------------
; Table of Contents ;
---------------------
  1. Legal Notice
  2. Analysis & Synthesis Summary
  3. Analysis & Synthesis Settings
  4. Parallel Compilation
  5. Analysis & Synthesis Source Files Read
  6. Analysis & Synthesis Resource Usage Summary
  7. Analysis & Synthesis Resource Utilization by Entity
  8. General Register Statistics
  9. Multiplexer Restructuring Statistics (Restructuring Performed)
 10. Parameter Settings for User Entity Instance: BlinkGenerator:blinkForLeds_2hz
 11. Parameter Settings for User Entity Instance: BlinkGenerator:blinkForLeds_1hz
 12. Parameter Settings for User Entity Instance: PulseGenerator:pulse_1hz
 13. Parameter Settings for User Entity Instance: TimerN:timer1
 14. Parameter Settings for User Entity Instance: TimerN:timer2
 15. Port Connectivity Checks: "Mux4_1_8Bits:options_mux"
 16. Port Connectivity Checks: "TimerN:timer2"
 17. Port Connectivity Checks: "TimerN:timer1"
 18. Port Connectivity Checks: "PulseGenerator:pulse_1hz"
 19. Port Connectivity Checks: "BlinkGenerator:blinkForLeds_1hz"
 20. Port Connectivity Checks: "BlinkGenerator:blinkForLeds_2hz"
 21. Port Connectivity Checks: "Bin7SegDecoder:sevenSegHEX0"
 22. Post-Synthesis Netlist Statistics for Top Partition
 23. Elapsed Time Per Partition
 24. Analysis & Synthesis Messages



----------------
; Legal Notice ;
----------------
Copyright (C) 2023  Intel Corporation. All rights reserved.
Your use of Intel Corporation's design tools, logic functions 
and other software and tools, and any partner logic 
functions, and any output files from any of the foregoing 
(including device programming or simulation files), and any 
associated documentation or information are expressly subject 
to the terms and conditions of the Intel Program License 
Subscription Agreement, the Intel Quartus Prime License Agreement,
the Intel FPGA IP License Agreement, or other applicable license
agreement, including, without limitation, that your use is for
the sole purpose of programming logic devices manufactured by
Intel and sold by Intel or its authorized distributors.  Please
refer to the applicable agreement for further details, at
https://fpgasoftware.intel.com/eula.



+-------------------------------------------------------------------------------------+
; Analysis & Synthesis Summary                                                        ;
+------------------------------------+------------------------------------------------+
; Analysis & Synthesis Status        ; Successful - Sat Apr 13 16:24:55 2024          ;
; Quartus Prime Version              ; 22.1std.2 Build 922 07/20/2023 SC Lite Edition ;
; Revision Name                      ; projetoTreino2                                 ;
; Top-level Entity Name              ; projetoTreino2                                 ;
; Family                             ; Cyclone IV E                                   ;
; Total logic elements               ; 228                                            ;
;     Total combinational functions  ; 226                                            ;
;     Dedicated logic registers      ; 146                                            ;
; Total registers                    ; 146                                            ;
; Total pins                         ; 18                                             ;
; Total virtual pins                 ; 0                                              ;
; Total memory bits                  ; 0                                              ;
; Embedded Multiplier 9-bit elements ; 0                                              ;
; Total PLLs                         ; 0                                              ;
+------------------------------------+------------------------------------------------+


+------------------------------------------------------------------------------------------------------------+
; Analysis & Synthesis Settings                                                                              ;
+------------------------------------------------------------------+--------------------+--------------------+
; Option                                                           ; Setting            ; Default Value      ;
+------------------------------------------------------------------+--------------------+--------------------+
; Device                                                           ; EP4CE115F29C7      ;                    ;
; Top-level entity name                                            ; projetoTreino2     ; projetoTreino2     ;
; Family name                                                      ; Cyclone IV E       ; Cyclone V          ;
; Use smart compilation                                            ; Off                ; Off                ;
; Enable parallel Assembler and Timing Analyzer during compilation ; On                 ; On                 ;
; Enable compact report table                                      ; Off                ; Off                ;
; Restructure Multiplexers                                         ; Auto               ; Auto               ;
; Create Debugging Nodes for IP Cores                              ; Off                ; Off                ;
; Preserve fewer node names                                        ; On                 ; On                 ;
; Intel FPGA IP Evaluation Mode                                    ; Enable             ; Enable             ;
; Verilog Version                                                  ; Verilog_2001       ; Verilog_2001       ;
; VHDL Version                                                     ; VHDL_1993          ; VHDL_1993          ;
; State Machine Processing                                         ; Auto               ; Auto               ;
; Safe State Machine                                               ; Off                ; Off                ;
; Extract Verilog State Machines                                   ; On                 ; On                 ;
; Extract VHDL State Machines                                      ; On                 ; On                 ;
; Ignore Verilog initial constructs                                ; Off                ; Off                ;
; Iteration limit for constant Verilog loops                       ; 5000               ; 5000               ;
; Iteration limit for non-constant Verilog loops                   ; 250                ; 250                ;
; Add Pass-Through Logic to Inferred RAMs                          ; On                 ; On                 ;
; Infer RAMs from Raw Logic                                        ; On                 ; On                 ;
; Parallel Synthesis                                               ; On                 ; On                 ;
; DSP Block Balancing                                              ; Auto               ; Auto               ;
; NOT Gate Push-Back                                               ; On                 ; On                 ;
; Power-Up Don't Care                                              ; On                 ; On                 ;
; Remove Redundant Logic Cells                                     ; Off                ; Off                ;
; Remove Duplicate Registers                                       ; On                 ; On                 ;
; Ignore CARRY Buffers                                             ; Off                ; Off                ;
; Ignore CASCADE Buffers                                           ; Off                ; Off                ;
; Ignore GLOBAL Buffers                                            ; Off                ; Off                ;
; Ignore ROW GLOBAL Buffers                                        ; Off                ; Off                ;
; Ignore LCELL Buffers                                             ; Off                ; Off                ;
; Ignore SOFT Buffers                                              ; On                 ; On                 ;
; Limit AHDL Integers to 32 Bits                                   ; Off                ; Off                ;
; Optimization Technique                                           ; Balanced           ; Balanced           ;
; Carry Chain Length                                               ; 70                 ; 70                 ;
; Auto Carry Chains                                                ; On                 ; On                 ;
; Auto Open-Drain Pins                                             ; On                 ; On                 ;
; Perform WYSIWYG Primitive Resynthesis                            ; Off                ; Off                ;
; Auto ROM Replacement                                             ; On                 ; On                 ;
; Auto RAM Replacement                                             ; On                 ; On                 ;
; Auto DSP Block Replacement                                       ; On                 ; On                 ;
; Auto Shift Register Replacement                                  ; Auto               ; Auto               ;
; Allow Shift Register Merging across Hierarchies                  ; Auto               ; Auto               ;
; Auto Clock Enable Replacement                                    ; On                 ; On                 ;
; Strict RAM Replacement                                           ; Off                ; Off                ;
; Allow Synchronous Control Signals                                ; On                 ; On                 ;
; Force Use of Synchronous Clear Signals                           ; Off                ; Off                ;
; Auto RAM Block Balancing                                         ; On                 ; On                 ;
; Auto RAM to Logic Cell Conversion                                ; Off                ; Off                ;
; Auto Resource Sharing                                            ; Off                ; Off                ;
; Allow Any RAM Size For Recognition                               ; Off                ; Off                ;
; Allow Any ROM Size For Recognition                               ; Off                ; Off                ;
; Allow Any Shift Register Size For Recognition                    ; Off                ; Off                ;
; Use LogicLock Constraints during Resource Balancing              ; On                 ; On                 ;
; Ignore translate_off and synthesis_off directives                ; Off                ; Off                ;
; Timing-Driven Synthesis                                          ; On                 ; On                 ;
; Report Parameter Settings                                        ; On                 ; On                 ;
; Report Source Assignments                                        ; On                 ; On                 ;
; Report Connectivity Checks                                       ; On                 ; On                 ;
; Ignore Maximum Fan-Out Assignments                               ; Off                ; Off                ;
; Synchronization Register Chain Length                            ; 2                  ; 2                  ;
; Power Optimization During Synthesis                              ; Normal compilation ; Normal compilation ;
; HDL message level                                                ; Level2             ; Level2             ;
; Suppress Register Optimization Related Messages                  ; Off                ; Off                ;
; Number of Removed Registers Reported in Synthesis Report         ; 5000               ; 5000               ;
; Number of Swept Nodes Reported in Synthesis Report               ; 5000               ; 5000               ;
; Number of Inverted Registers Reported in Synthesis Report        ; 100                ; 100                ;
; Clock MUX Protection                                             ; On                 ; On                 ;
; Auto Gated Clock Conversion                                      ; Off                ; Off                ;
; Block Design Naming                                              ; Auto               ; Auto               ;
; SDC constraint protection                                        ; Off                ; Off                ;
; Synthesis Effort                                                 ; Auto               ; Auto               ;
; Shift Register Replacement - Allow Asynchronous Clear Signal     ; On                 ; On                 ;
; Pre-Mapping Resynthesis Optimization                             ; Off                ; Off                ;
; Analysis & Synthesis Message Level                               ; Medium             ; Medium             ;
; Disable Register Merging Across Hierarchies                      ; Auto               ; Auto               ;
; Resource Aware Inference For Block RAM                           ; On                 ; On                 ;
+------------------------------------------------------------------+--------------------+--------------------+


+------------------------------------------+
; Parallel Compilation                     ;
+----------------------------+-------------+
; Processors                 ; Number      ;
+----------------------------+-------------+
; Number detected on machine ; 4           ;
; Maximum allowed            ; 2           ;
;                            ;             ;
; Average used               ; 1.00        ;
; Maximum used               ; 2           ;
;                            ;             ;
; Usage by Processor         ; % Time Used ;
;     Processor 1            ; 100.0%      ;
;     Processor 2            ;   0.0%      ;
+----------------------------+-------------+


+-----------------------------------------------------------------------------------------------------------------------------------------------------+
; Analysis & Synthesis Source Files Read                                                                                                              ;
+----------------------------------+-----------------+-----------------+--------------------------------------------------------------------+---------+
; File Name with User-Entered Path ; Used in Netlist ; File Type       ; File Name with Absolute Path                                       ; Library ;
+----------------------------------+-----------------+-----------------+--------------------------------------------------------------------+---------+
; TimerN.vhd                       ; yes             ; User VHDL File  ; /home/rhyan/Documents/ua/1.2/LSD/projetoTreino2/TimerN.vhd         ;         ;
; Mux4_1_8Bits.vhd                 ; yes             ; User VHDL File  ; /home/rhyan/Documents/ua/1.2/LSD/projetoTreino2/Mux4_1_8Bits.vhd   ;         ;
; PulseGenerator.vhd               ; yes             ; User VHDL File  ; /home/rhyan/Documents/ua/1.2/LSD/projetoTreino2/PulseGenerator.vhd ;         ;
; BlinkGenerator.vhd               ; yes             ; User VHDL File  ; /home/rhyan/Documents/ua/1.2/LSD/projetoTreino2/BlinkGenerator.vhd ;         ;
; Bin7SegDecoder.vhd               ; yes             ; User VHDL File  ; /home/rhyan/Documents/ua/1.2/LSD/projetoTreino2/Bin7SegDecoder.vhd ;         ;
; projetoTreino2.vhd               ; yes             ; User VHDL File  ; /home/rhyan/Documents/ua/1.2/LSD/projetoTreino2/projetoTreino2.vhd ;         ;
+----------------------------------+-----------------+-----------------+--------------------------------------------------------------------+---------+


+--------------------------------------------------------------+
; Analysis & Synthesis Resource Usage Summary                  ;
+---------------------------------------------+----------------+
; Resource                                    ; Usage          ;
+---------------------------------------------+----------------+
; Estimated Total logic elements              ; 228            ;
;                                             ;                ;
; Total combinational functions               ; 226            ;
; Logic element usage by number of LUT inputs ;                ;
;     -- 4 input functions                    ; 57             ;
;     -- 3 input functions                    ; 12             ;
;     -- <=2 input functions                  ; 157            ;
;                                             ;                ;
; Logic elements by mode                      ;                ;
;     -- normal mode                          ; 90             ;
;     -- arithmetic mode                      ; 136            ;
;                                             ;                ;
; Total registers                             ; 146            ;
;     -- Dedicated logic registers            ; 146            ;
;     -- I/O registers                        ; 0              ;
;                                             ;                ;
; I/O pins                                    ; 18             ;
;                                             ;                ;
; Embedded Multiplier 9-bit elements          ; 0              ;
;                                             ;                ;
; Maximum fan-out node                        ; CLOCK_50~input ;
; Maximum fan-out                             ; 146            ;
; Total fan-out                               ; 1078           ;
; Average fan-out                             ; 2.64           ;
+---------------------------------------------+----------------+


+---------------------------------------------------------------------------------------------------------------------------------------------------------------------------------------------------------------------------------------------------+
; Analysis & Synthesis Resource Utilization by Entity                                                                                                                                                                                               ;
+--------------------------------------+---------------------+---------------------------+-------------+--------------+---------+-----------+------+--------------+-------------------------------------------------+----------------+--------------+
; Compilation Hierarchy Node           ; Combinational ALUTs ; Dedicated Logic Registers ; Memory Bits ; DSP Elements ; DSP 9x9 ; DSP 18x18 ; Pins ; Virtual Pins ; Full Hierarchy Name                             ; Entity Name    ; Library Name ;
+--------------------------------------+---------------------+---------------------------+-------------+--------------+---------+-----------+------+--------------+-------------------------------------------------+----------------+--------------+
; |projetoTreino2                      ; 226 (0)             ; 146 (2)                   ; 0           ; 0            ; 0       ; 0         ; 18   ; 0            ; |projetoTreino2                                 ; projetoTreino2 ; work         ;
;    |BlinkGenerator:blinkForLeds_1hz| ; 34 (34)             ; 26 (26)                   ; 0           ; 0            ; 0       ; 0         ; 0    ; 0            ; |projetoTreino2|BlinkGenerator:blinkForLeds_1hz ; BlinkGenerator ; work         ;
;    |BlinkGenerator:blinkForLeds_2hz| ; 33 (33)             ; 25 (25)                   ; 0           ; 0            ; 0       ; 0         ; 0    ; 0            ; |projetoTreino2|BlinkGenerator:blinkForLeds_2hz ; BlinkGenerator ; work         ;
;    |Mux4_1_8Bits:options_mux|        ; 17 (17)             ; 0 (0)                     ; 0           ; 0            ; 0       ; 0         ; 0    ; 0            ; |projetoTreino2|Mux4_1_8Bits:options_mux        ; Mux4_1_8Bits   ; work         ;
;    |PulseGenerator:pulse_1hz|        ; 47 (47)             ; 27 (27)                   ; 0           ; 0            ; 0       ; 0         ; 0    ; 0            ; |projetoTreino2|PulseGenerator:pulse_1hz        ; PulseGenerator ; work         ;
;    |TimerN:timer1|                   ; 48 (48)             ; 33 (33)                   ; 0           ; 0            ; 0       ; 0         ; 0    ; 0            ; |projetoTreino2|TimerN:timer1                   ; TimerN         ; work         ;
;    |TimerN:timer2|                   ; 47 (47)             ; 33 (33)                   ; 0           ; 0            ; 0       ; 0         ; 0    ; 0            ; |projetoTreino2|TimerN:timer2                   ; TimerN         ; work         ;
+--------------------------------------+---------------------+---------------------------+-------------+--------------+---------+-----------+------+--------------+-------------------------------------------------+----------------+--------------+
Note: For table entries with two numbers listed, the numbers in parentheses indicate the number of resources of the given type used by the specific entity alone. The numbers listed outside of parentheses indicate the total resources of the given type used by the specific entity and all of its sub-entities in the hierarchy.


+------------------------------------------------------+
; General Register Statistics                          ;
+----------------------------------------------+-------+
; Statistic                                    ; Value ;
+----------------------------------------------+-------+
; Total registers                              ; 146   ;
; Number of registers using Synchronous Clear  ; 115   ;
; Number of registers using Synchronous Load   ; 0     ;
; Number of registers using Asynchronous Clear ; 0     ;
; Number of registers using Asynchronous Load  ; 0     ;
; Number of registers using Clock Enable       ; 66    ;
; Number of registers using Preset             ; 0     ;
+----------------------------------------------+-------+


+--------------------------------------------------------------------------------------------------------------------------------------------------------------------+
; Multiplexer Restructuring Statistics (Restructuring Performed)                                                                                                     ;
+--------------------+-----------+---------------+----------------------+------------------------+------------+------------------------------------------------------+
; Multiplexer Inputs ; Bus Width ; Baseline Area ; Area if Restructured ; Saving if Restructured ; Registered ; Example Multiplexer Output                           ;
+--------------------+-----------+---------------+----------------------+------------------------+------------+------------------------------------------------------+
; 3:1                ; 32 bits   ; 64 LEs        ; 32 LEs               ; 32 LEs                 ; Yes        ; |projetoTreino2|TimerN:timer1|s_count[16]            ;
; 3:1                ; 32 bits   ; 64 LEs        ; 32 LEs               ; 32 LEs                 ; Yes        ; |projetoTreino2|TimerN:timer2|s_count[31]            ;
; 3:1                ; 2 bits    ; 4 LEs         ; 4 LEs                ; 0 LEs                  ; No         ; |projetoTreino2|Bin7SegDecoder:sevenSegHEX0|decOut_n ;
+--------------------+-----------+---------------+----------------------+------------------------+------------+------------------------------------------------------+


+------------------------------------------------------------------------------+
; Parameter Settings for User Entity Instance: BlinkGenerator:blinkForLeds_2hz ;
+----------------+----------+--------------------------------------------------+
; Parameter Name ; Value    ; Type                                             ;
+----------------+----------+--------------------------------------------------+
; number_steps   ; 25000000 ; Signed Integer                                   ;
+----------------+----------+--------------------------------------------------+
Note: In order to hide this table in the UI and the text report file, please set the "Show Parameter Settings in Synthesis Report" option in "Analysis and Synthesis Settings -> More Settings" to "Off".


+------------------------------------------------------------------------------+
; Parameter Settings for User Entity Instance: BlinkGenerator:blinkForLeds_1hz ;
+----------------+----------+--------------------------------------------------+
; Parameter Name ; Value    ; Type                                             ;
+----------------+----------+--------------------------------------------------+
; number_steps   ; 50000000 ; Signed Integer                                   ;
+----------------+----------+--------------------------------------------------+
Note: In order to hide this table in the UI and the text report file, please set the "Show Parameter Settings in Synthesis Report" option in "Analysis and Synthesis Settings -> More Settings" to "Off".


+-----------------------------------------------------------------------+
; Parameter Settings for User Entity Instance: PulseGenerator:pulse_1hz ;
+----------------+----------+-------------------------------------------+
; Parameter Name ; Value    ; Type                                      ;
+----------------+----------+-------------------------------------------+
; max            ; 50000000 ; Signed Integer                            ;
+----------------+----------+-------------------------------------------+
Note: In order to hide this table in the UI and the text report file, please set the "Show Parameter Settings in Synthesis Report" option in "Analysis and Synthesis Settings -> More Settings" to "Off".


+------------------------------------------------------------+
; Parameter Settings for User Entity Instance: TimerN:timer1 ;
+----------------+-------+-----------------------------------+
; Parameter Name ; Value ; Type                              ;
+----------------+-------+-----------------------------------+
; n              ; 5     ; Signed Integer                    ;
+----------------+-------+-----------------------------------+
Note: In order to hide this table in the UI and the text report file, please set the "Show Parameter Settings in Synthesis Report" option in "Analysis and Synthesis Settings -> More Settings" to "Off".


+------------------------------------------------------------+
; Parameter Settings for User Entity Instance: TimerN:timer2 ;
+----------------+-------+-----------------------------------+
; Parameter Name ; Value ; Type                              ;
+----------------+-------+-----------------------------------+
; n              ; 5     ; Signed Integer                    ;
+----------------+-------+-----------------------------------+
Note: In order to hide this table in the UI and the text report file, please set the "Show Parameter Settings in Synthesis Report" option in "Analysis and Synthesis Settings -> More Settings" to "Off".


+------------------------------------------------------+
; Port Connectivity Checks: "Mux4_1_8Bits:options_mux" ;
+---------------+-------+----------+-------------------+
; Port          ; Type  ; Severity ; Details           ;
+---------------+-------+----------+-------------------+
; datain0       ; Input ; Info     ; Stuck at VCC      ;
; datain1[3..0] ; Input ; Info     ; Stuck at GND      ;
; datain2[7..4] ; Input ; Info     ; Stuck at GND      ;
; datain3[7..4] ; Input ; Info     ; Stuck at GND      ;
+---------------+-------+----------+-------------------+


+-------------------------------------------+
; Port Connectivity Checks: "TimerN:timer2" ;
+-------+-------+----------+----------------+
; Port  ; Type  ; Severity ; Details        ;
+-------+-------+----------+----------------+
; reset ; Input ; Info     ; Stuck at GND   ;
+-------+-------+----------+----------------+


+-------------------------------------------+
; Port Connectivity Checks: "TimerN:timer1" ;
+-------+-------+----------+----------------+
; Port  ; Type  ; Severity ; Details        ;
+-------+-------+----------+----------------+
; reset ; Input ; Info     ; Stuck at GND   ;
+-------+-------+----------+----------------+


+------------------------------------------------------+
; Port Connectivity Checks: "PulseGenerator:pulse_1hz" ;
+-------+-------+----------+---------------------------+
; Port  ; Type  ; Severity ; Details                   ;
+-------+-------+----------+---------------------------+
; reset ; Input ; Info     ; Stuck at GND              ;
+-------+-------+----------+---------------------------+


+-------------------------------------------------------------+
; Port Connectivity Checks: "BlinkGenerator:blinkForLeds_1hz" ;
+-------+-------+----------+----------------------------------+
; Port  ; Type  ; Severity ; Details                          ;
+-------+-------+----------+----------------------------------+
; reset ; Input ; Info     ; Stuck at GND                     ;
+-------+-------+----------+----------------------------------+


+-------------------------------------------------------------+
; Port Connectivity Checks: "BlinkGenerator:blinkForLeds_2hz" ;
+-------+-------+----------+----------------------------------+
; Port  ; Type  ; Severity ; Details                          ;
+-------+-------+----------+----------------------------------+
; reset ; Input ; Info     ; Stuck at GND                     ;
+-------+-------+----------+----------------------------------+


+---------------------------------------------------------+
; Port Connectivity Checks: "Bin7SegDecoder:sevenSegHEX0" ;
+----------------+-------+----------+---------------------+
; Port           ; Type  ; Severity ; Details             ;
+----------------+-------+----------+---------------------+
; bininput[3..2] ; Input ; Info     ; Stuck at GND        ;
; enable         ; Input ; Info     ; Stuck at VCC        ;
+----------------+-------+----------+---------------------+


+-----------------------------------------------------+
; Post-Synthesis Netlist Statistics for Top Partition ;
+-----------------------+-----------------------------+
; Type                  ; Count                       ;
+-----------------------+-----------------------------+
; boundary_port         ; 18                          ;
; cycloneiii_ff         ; 146                         ;
;     ENA               ; 2                           ;
;     ENA SCLR          ; 64                          ;
;     SCLR              ; 51                          ;
;     plain             ; 29                          ;
; cycloneiii_lcell_comb ; 229                         ;
;     arith             ; 136                         ;
;         2 data inputs ; 136                         ;
;     normal            ; 93                          ;
;         0 data inputs ; 1                           ;
;         1 data inputs ; 7                           ;
;         2 data inputs ; 16                          ;
;         3 data inputs ; 12                          ;
;         4 data inputs ; 57                          ;
;                       ;                             ;
; Max LUT depth         ; 6.00                        ;
; Average LUT depth     ; 3.62                        ;
+-----------------------+-----------------------------+


+-------------------------------+
; Elapsed Time Per Partition    ;
+----------------+--------------+
; Partition Name ; Elapsed Time ;
+----------------+--------------+
; Top            ; 00:00:01     ;
+----------------+--------------+


+-------------------------------+
; Analysis & Synthesis Messages ;
+-------------------------------+
Info: *******************************************************************
Info: Running Quartus Prime Analysis & Synthesis
    Info: Version 22.1std.2 Build 922 07/20/2023 SC Lite Edition
    Info: Processing started: Sat Apr 13 16:24:46 2024
Info: Command: quartus_map --read_settings_files=on --write_settings_files=off projetoTreino2 -c projetoTreino2
Warning (18236): Number of processors has not been specified which may cause overloading on shared machines.  Set the global assignment NUM_PARALLEL_PROCESSORS in your QSF to an appropriate value for best performance.
Info (20030): Parallel compilation is enabled and will use 2 of the 2 processors detected
Info (12021): Found 2 design units, including 1 entities, in source file TimerN.vhd
    Info (12022): Found design unit 1: TimerN-Sequential File: /home/rhyan/Documents/ua/1.2/LSD/projetoTreino2/TimerN.vhd Line: 14
    Info (12023): Found entity 1: TimerN File: /home/rhyan/Documents/ua/1.2/LSD/projetoTreino2/TimerN.vhd Line: 5
Info (12021): Found 2 design units, including 1 entities, in source file Mux4_1_8Bits.vhd
    Info (12022): Found design unit 1: Mux4_1_8Bits-Behavioral File: /home/rhyan/Documents/ua/1.2/LSD/projetoTreino2/Mux4_1_8Bits.vhd Line: 13
    Info (12023): Found entity 1: Mux4_1_8Bits File: /home/rhyan/Documents/ua/1.2/LSD/projetoTreino2/Mux4_1_8Bits.vhd Line: 4
Info (12021): Found 2 design units, including 1 entities, in source file PulseGenerator.vhd
    Info (12022): Found design unit 1: PulseGenerator-Behavioral File: /home/rhyan/Documents/ua/1.2/LSD/projetoTreino2/PulseGenerator.vhd Line: 10
    Info (12023): Found entity 1: PulseGenerator File: /home/rhyan/Documents/ua/1.2/LSD/projetoTreino2/PulseGenerator.vhd Line: 4
Info (12021): Found 2 design units, including 1 entities, in source file Bin4ToBCD.vhd
    Info (12022): Found design unit 1: Bin4ToBCD-Behavioral File: /home/rhyan/Documents/ua/1.2/LSD/projetoTreino2/Bin4ToBCD.vhd Line: 12
    Info (12023): Found entity 1: Bin4ToBCD File: /home/rhyan/Documents/ua/1.2/LSD/projetoTreino2/Bin4ToBCD.vhd Line: 5
Info (12021): Found 2 design units, including 1 entities, in source file BlinkGenerator.vhd
    Info (12022): Found design unit 1: BlinkGenerator-Behavioral File: /home/rhyan/Documents/ua/1.2/LSD/projetoTreino2/BlinkGenerator.vhd Line: 12
    Info (12023): Found entity 1: BlinkGenerator File: /home/rhyan/Documents/ua/1.2/LSD/projetoTreino2/BlinkGenerator.vhd Line: 5
Info (12021): Found 2 design units, including 1 entities, in source file Dec2_4En.vhd
    Info (12022): Found design unit 1: Dec2_4En-BehavProc File: /home/rhyan/Documents/ua/1.2/LSD/projetoTreino2/Dec2_4En.vhd Line: 9
    Info (12023): Found entity 1: Dec2_4En File: /home/rhyan/Documents/ua/1.2/LSD/projetoTreino2/Dec2_4En.vhd Line: 4
Info (12021): Found 2 design units, including 1 entities, in source file Bin7SegDecoder.vhd
    Info (12022): Found design unit 1: Bin7SegDecoder-Behavioral File: /home/rhyan/Documents/ua/1.2/LSD/projetoTreino2/Bin7SegDecoder.vhd Line: 10
    Info (12023): Found entity 1: Bin7SegDecoder File: /home/rhyan/Documents/ua/1.2/LSD/projetoTreino2/Bin7SegDecoder.vhd Line: 4
Info (12021): Found 2 design units, including 1 entities, in source file projetoTreino2.vhd
    Info (12022): Found design unit 1: projetoTreino2-Structural File: /home/rhyan/Documents/ua/1.2/LSD/projetoTreino2/projetoTreino2.vhd Line: 14
    Info (12023): Found entity 1: projetoTreino2 File: /home/rhyan/Documents/ua/1.2/LSD/projetoTreino2/projetoTreino2.vhd Line: 5
Info (12127): Elaborating entity "projetoTreino2" for the top level hierarchy
Info (12129): Elaborating entity "Bin7SegDecoder" using architecture "A:behavioral" for hierarchy "Bin7SegDecoder:sevenSegHEX0" File: /home/rhyan/Documents/ua/1.2/LSD/projetoTreino2/projetoTreino2.vhd Line: 49
Info (12129): Elaborating entity "BlinkGenerator" using architecture "A:behavioral" for hierarchy "BlinkGenerator:blinkForLeds_2hz" File: /home/rhyan/Documents/ua/1.2/LSD/projetoTreino2/projetoTreino2.vhd Line: 55
Info (12129): Elaborating entity "BlinkGenerator" using architecture "A:behavioral" for hierarchy "BlinkGenerator:blinkForLeds_1hz" File: /home/rhyan/Documents/ua/1.2/LSD/projetoTreino2/projetoTreino2.vhd Line: 65
Info (12129): Elaborating entity "PulseGenerator" using architecture "A:behavioral" for hierarchy "PulseGenerator:pulse_1hz" File: /home/rhyan/Documents/ua/1.2/LSD/projetoTreino2/projetoTreino2.vhd Line: 75
Info (12129): Elaborating entity "TimerN" using architecture "A:sequential" for hierarchy "TimerN:timer1" File: /home/rhyan/Documents/ua/1.2/LSD/projetoTreino2/projetoTreino2.vhd Line: 82
Info (12129): Elaborating entity "Mux4_1_8Bits" using architecture "A:behavioral" for hierarchy "Mux4_1_8Bits:options_mux" File: /home/rhyan/Documents/ua/1.2/LSD/projetoTreino2/projetoTreino2.vhd Line: 105
Warning (13024): Output pins are stuck at VCC or GND
    Warning (13410): Pin "HEX0[1]" is stuck at GND File: /home/rhyan/Documents/ua/1.2/LSD/projetoTreino2/projetoTreino2.vhd Line: 11
Info (286030): Timing-Driven Synthesis is running
Info (16010): Generating hard_block partition "hard_block:auto_generated_inst"
    Info (16011): Adding 0 node(s), including 0 DDIO, 0 PLL, 0 transceiver and 0 LCELL
Info (21057): Implemented 247 device resources after synthesis - the final resource count might be different
    Info (21058): Implemented 3 input pins
    Info (21059): Implemented 15 output pins
    Info (21061): Implemented 229 logic cells
Info: Quartus Prime Analysis & Synthesis was successful. 0 errors, 3 warnings
    Info: Peak virtual memory: 419 megabytes
    Info: Processing ended: Sat Apr 13 16:24:55 2024
    Info: Elapsed time: 00:00:09
    Info: Total CPU time (on all processors): 00:00:20


